<!DOCTYPE html>

<html>
  <head>
  <meta charset='utf-8'>
  <title>TestNG reports</title>

    <link type="text/css" href="testng-reports.css" rel="stylesheet" />
    <script type="text/javascript" src="jquery-1.7.1.min.js"></script>
    <script type="text/javascript" src="testng-reports.js"></script>
    <script type="text/javascript" src="https://www.google.com/jsapi"></script>
    <script type='text/javascript'>
      google.load('visualization', '1', {packages:['table']});
      google.setOnLoadCallback(drawTable);
      var suiteTableInitFunctions = new Array();
      var suiteTableData = new Array();
    </script>
    <!--
      <script type="text/javascript" src="jquery-ui/js/jquery-ui-1.8.16.custom.min.js"></script>
     -->
  </head>

  <body>
    <div class="top-banner-root">
      <span class="top-banner-title-font">Test results</span>
      <br/>
      <span class="top-banner-font-1">1 suite</span>
    </div> <!-- top-banner-root -->
    <div class="navigator-root">
      <div class="navigator-suite-header">
        <span>All suites</span>
        <a href="#" class="collapse-all-link" title="Collapse/expand all the suites">
          <img class="collapse-all-icon" src="collapseall.gif">
          </img> <!-- collapse-all-icon -->
        </a> <!-- collapse-all-link -->
      </div> <!-- navigator-suite-header -->
      <div class="suite">
        <div class="rounded-window">
          <div class="suite-header light-rounded-window-top">
            <a href="#" class="navigator-link" panel-name="suite-Suite1">
              <span class="suite-name border-skipped">Suite1</span>
            </a> <!-- navigator-link -->
          </div> <!-- suite-header light-rounded-window-top -->
          <div class="navigator-suite-content">
            <div class="suite-section-title">
              <span>Info</span>
            </div> <!-- suite-section-title -->
            <div class="suite-section-content">
              <ul>
                <li>
                  <a href="#" class="navigator-link " panel-name="com.epam.ta.test-xml-Suite1">
                    <span>D:\Projects\Lab-s-tasks\webdrivergooglecloud\testng.xml</span>
                  </a> <!-- navigator-link  -->
                </li>
                <li>
                  <a href="#" class="navigator-link " panel-name="testlist-Suite1">
                    <span class="com.epam.ta.test-stats">3 tests</span>
                  </a> <!-- navigator-link  -->
                </li>
                <li>
                  <a href="#" class="navigator-link " panel-name="group-Suite1">
                    <span>0 groups</span>
                  </a> <!-- navigator-link  -->
                </li>
                <li>
                  <a href="#" class="navigator-link " panel-name="times-Suite1">
                    <span>Times</span>
                  </a> <!-- navigator-link  -->
                </li>
                <li>
                  <a href="#" class="navigator-link " panel-name="reporter-Suite1">
                    <span>Reporter output</span>
                  </a> <!-- navigator-link  -->
                </li>
                <li>
                  <a href="#" class="navigator-link " panel-name="ignored-methods-Suite1">
                    <span>Ignored methods</span>
                  </a> <!-- navigator-link  -->
                </li>
                <li>
                  <a href="#" class="navigator-link " panel-name="chronological-Suite1">
                    <span>Chronological view</span>
                  </a> <!-- navigator-link  -->
                </li>
              </ul>
            </div> <!-- suite-section-content -->
            <div class="result-section">
              <div class="suite-section-title">
                <span>Results</span>
              </div> <!-- suite-section-title -->
              <div class="suite-section-content">
                <ul>
                  <li>
                    <span class="method-stats">6 methods,  6 skipped,  </span>
                  </li>
                  <li>
                    <span class="method-list-title skipped">Skipped methods</span>
                    <span class="show-or-hide-methods skipped">
                      <a href="#" panel-name="suite-Suite1" class="hide-methods skipped suite-Suite1"> (hide)</a> <!-- hide-methods skipped suite-Suite1 -->
                      <a href="#" panel-name="suite-Suite1" class="show-methods skipped suite-Suite1"> (show)</a> <!-- show-methods skipped suite-Suite1 -->
                    </span>
                    <div class="method-list-content skipped suite-Suite1">
                      <span>
                        <img width="3%" src="skipped.png"/>
                        <a href="#" class="method navigator-link" panel-name="suite-Suite1" title="com.epam.ta.test.TestClass" hash-for-method="testIsFilledFormCorrect">testIsFilledFormCorrect</a> <!-- method navigator-link -->
                      </span>
                      <br/>
                      <span>
                        <img width="3%" src="skipped.png"/>
                        <a href="#" class="method navigator-link" panel-name="suite-Suite1" title="com.epam.ta.test.TestClass" hash-for-method="testIsFilledFormCorrect">testIsFilledFormCorrect</a> <!-- method navigator-link -->
                      </span>
                      <br/>
                      <span>
                        <img width="3%" src="skipped.png"/>
                        <a href="#" class="method navigator-link" panel-name="suite-Suite1" title="com.epam.ta.test.TestClass" hash-for-method="testIsFilledFormCorrect">testIsFilledFormCorrect</a> <!-- method navigator-link -->
                      </span>
                      <br/>
                      <span>
                        <img width="3%" src="skipped.png"/>
                        <a href="#" class="method navigator-link" panel-name="suite-Suite1" title="com.epam.ta.test.TestClass" hash-for-method="testTotalEstimatedCost">testTotalEstimatedCost</a> <!-- method navigator-link -->
                      </span>
                      <br/>
                      <span>
                        <img width="3%" src="skipped.png"/>
                        <a href="#" class="method navigator-link" panel-name="suite-Suite1" title="com.epam.ta.test.TestClass" hash-for-method="testTotalEstimatedCost">testTotalEstimatedCost</a> <!-- method navigator-link -->
                      </span>
                      <br/>
                      <span>
                        <img width="3%" src="skipped.png"/>
                        <a href="#" class="method navigator-link" panel-name="suite-Suite1" title="com.epam.ta.test.TestClass" hash-for-method="testTotalEstimatedCost">testTotalEstimatedCost</a> <!-- method navigator-link -->
                      </span>
                      <br/>
                    </div> <!-- method-list-content skipped suite-Suite1 -->
                  </li>
                </ul>
              </div> <!-- suite-section-content -->
            </div> <!-- result-section -->
          </div> <!-- navigator-suite-content -->
        </div> <!-- rounded-window -->
      </div> <!-- suite -->
    </div> <!-- navigator-root -->
    <div class="wrapper">
      <div class="main-panel-root">
        <div panel-name="suite-Suite1" class="panel Suite1">
          <div class="suite-Suite1-class-skipped">
            <div class="main-panel-header rounded-window-top">
              <img src="skipped.png"/>
              <span class="class-name">com.epam.ta.test.TestClass</span>
            </div> <!-- main-panel-header rounded-window-top -->
            <div class="main-panel-content rounded-window-bottom">
              <div class="method">
                <div class="method-content">
                  <a name="testIsFilledFormCorrect">
                  </a> <!-- testIsFilledFormCorrect -->
                  <span class="method-name">testIsFilledFormCorrect</span>
                  <div class="stack-trace">org.openqa.selenium.NoSuchWindowException: no such window: target window
                      already closed
                      from unknown error: web view not found
                      (Session info: chrome=72.0.3626.121)
                      (Driver info: chromedriver=72.0.3626.69
                      (3c16f8a135abc0d4da2dff33804db79b849a7c38),platform=Windows NT 10.0.17763 x86_64) (WARNING: The
                      server did not provide any stacktrace information)
                      Command duration or timeout: 0 milliseconds
                      Build info: version: &apos;3.141.59&apos;, revision: &apos;e82be7d358&apos;, time: &apos;2018-11-14T08:17:03&apos;
                      System info: host: &apos;EPBYMINW7576&apos;, ip: &apos;192.168.56.1&apos;, os.name: &apos;Windows
                      10&apos;, os.arch: &apos;amd64&apos;, os.version: &apos;10.0&apos;, java.version: &apos;1.8.0_202&apos;
                      Driver info: org.openqa.selenium.chrome.ChromeDriver
                      Capabilities {acceptInsecureCerts: false, acceptSslCerts: false, applicationCacheEnabled: false,
                      browserConnectionEnabled: false, browserName: chrome, chrome: {chromedriverVersion: 72.0.3626.69
                      (3c16f8a135abc..., userDataDir: C:\Users\YAUHEN~1\AppData\L...}, cssSelectorsEnabled: true,
                      databaseEnabled: false, goog:chromeOptions: {debuggerAddress: localhost:53978}, handlesAlerts:
                      true, hasTouchScreen: false, javascriptEnabled: true, locationContextEnabled: true,
                      mobileEmulationEnabled: false, nativeEvents: true, networkConnectionEnabled: false,
                      pageLoadStrategy: normal, platform: XP, platformName: XP, proxy: Proxy(), rotatable: false,
                      setWindowRect: true, takesHeapSnapshot: true, takesScreenshot: true, timeouts: {implicit: 0,
                      pageLoad: 300000, script: 30000}, unexpectedAlertBehaviour: ignore, unhandledPromptBehavior:
                      ignore, version: 72.0.3626.121, webStorageEnabled: true}
                      Session ID: dab671f340949f84cc891df1c0931d5d
                      *** Element info: {Using=xpath, value=//div[@class = &apos;cloud-section-header__link&apos;]/a[@href
                      = &apos;https://cloud.google.com/products/&apos;]}
                      at org.openqa.selenium.remote.ErrorHandler.createThrowable(ErrorHandler.java:214)
                      at org.openqa.selenium.remote.ErrorHandler.throwIfResponseFailed(ErrorHandler.java:166)
                      at
                      org.openqa.selenium.remote.http.JsonHttpResponseCodec.reconstructValue(JsonHttpResponseCodec.java:40)
                      at
                      org.openqa.selenium.remote.http.AbstractHttpResponseCodec.decode(AbstractHttpResponseCodec.java:80)
                      at
                      org.openqa.selenium.remote.http.AbstractHttpResponseCodec.decode(AbstractHttpResponseCodec.java:44)
                      at org.openqa.selenium.remote.HttpCommandExecutor.execute(HttpCommandExecutor.java:158)
                      at org.openqa.selenium.remote.service.DriverCommandExecutor.execute(DriverCommandExecutor.java:83)
                      at org.openqa.selenium.remote.RemoteWebDriver.execute(RemoteWebDriver.java:552)
                      at org.openqa.selenium.remote.RemoteWebDriver.findElement(RemoteWebDriver.java:323)
                      at org.openqa.selenium.remote.RemoteWebDriver.findElementByXPath(RemoteWebDriver.java:428)
                      at org.openqa.selenium.By$ByXPath.findElement(By.java:353)
                      at org.openqa.selenium.remote.RemoteWebDriver.findElement(RemoteWebDriver.java:315)
                      at
                      org.openqa.selenium.support.pagefactory.DefaultElementLocator.findElement(DefaultElementLocator.java:69)
                      at
                      org.openqa.selenium.support.pagefactory.internal.LocatingElementHandler.invoke(LocatingElementHandler.java:38)
                      at com.sun.proxy.$Proxy10.toString(Unknown Source)
                      at java.lang.String.valueOf(String.java:2994)
                      at java.lang.StringBuilder.append(StringBuilder.java:131)
                      at org.openqa.selenium.support.ui.ExpectedConditions$23.toString(ExpectedConditions.java:683)
                      at java.lang.String.valueOf(String.java:2994)
                      at java.lang.StringBuilder.append(StringBuilder.java:131)
                      at org.openqa.selenium.support.ui.FluentWait.until(FluentWait.java:268)
                      at com.epam.ta.page.AbstractPage.waitUntilElementToBeClickable(PO_Abstract.java:24)
                      at com.epam.ta.page.AbstractPage.clickButtonWhenClickable(PO_Abstract.java:33)
                      at com.epam.ta.page.cloud_google.CloudPage.clickExploreAllProducts(PO_Cloud.java:25)
                      at com.epam.ta.test.TestClass.beforeClass(com.epam.ta.test.TestClass.java:46)
                      at java.com.epam.ta.util.concurrent.FutureTask.run(FutureTask.java:266)
                      at java.com.epam.ta.util.concurrent.ThreadPoolExecutor.runWorker(ThreadPoolExecutor.java:1149)
                      at java.com.epam.ta.util.concurrent.ThreadPoolExecutor$Worker.run(ThreadPoolExecutor.java:624)
                      at java.lang.Thread.run(Thread.java:748)
                      ... Removed 20 stack frames
                  </div> <!-- stack-trace -->
                </div> <!-- method-content -->
              </div> <!-- method -->
              <div class="method">
                <div class="method-content">
                  <a name="testIsFilledFormCorrect">
                  </a> <!-- testIsFilledFormCorrect -->
                  <span class="method-name">testIsFilledFormCorrect</span>
                  <div class="stack-trace">org.openqa.selenium.NoSuchWindowException: no such window: target window
                      already closed
                      from unknown error: web view not found
                      (Session info: chrome=72.0.3626.121)
                      (Driver info: chromedriver=72.0.3626.69
                      (3c16f8a135abc0d4da2dff33804db79b849a7c38),platform=Windows NT 10.0.17763 x86_64) (WARNING: The
                      server did not provide any stacktrace information)
                      Command duration or timeout: 0 milliseconds
                      Build info: version: &apos;3.141.59&apos;, revision: &apos;e82be7d358&apos;, time: &apos;2018-11-14T08:17:03&apos;
                      System info: host: &apos;EPBYMINW7576&apos;, ip: &apos;192.168.56.1&apos;, os.name: &apos;Windows
                      10&apos;, os.arch: &apos;amd64&apos;, os.version: &apos;10.0&apos;, java.version: &apos;1.8.0_202&apos;
                      Driver info: org.openqa.selenium.chrome.ChromeDriver
                      Capabilities {acceptInsecureCerts: false, acceptSslCerts: false, applicationCacheEnabled: false,
                      browserConnectionEnabled: false, browserName: chrome, chrome: {chromedriverVersion: 72.0.3626.69
                      (3c16f8a135abc..., userDataDir: C:\Users\YAUHEN~1\AppData\L...}, cssSelectorsEnabled: true,
                      databaseEnabled: false, goog:chromeOptions: {debuggerAddress: localhost:53975}, handlesAlerts:
                      true, hasTouchScreen: false, javascriptEnabled: true, locationContextEnabled: true,
                      mobileEmulationEnabled: false, nativeEvents: true, networkConnectionEnabled: false,
                      pageLoadStrategy: normal, platform: XP, platformName: XP, proxy: Proxy(), rotatable: false,
                      setWindowRect: true, takesHeapSnapshot: true, takesScreenshot: true, timeouts: {implicit: 0,
                      pageLoad: 300000, script: 30000}, unexpectedAlertBehaviour: ignore, unhandledPromptBehavior:
                      ignore, version: 72.0.3626.121, webStorageEnabled: true}
                      Session ID: 255e3c51c6a4abd23f068e9d7abaea46
                      *** Element info: {Using=xpath, value=//div[@class = &apos;cloud-section-header__link&apos;]/a[@href
                      = &apos;https://cloud.google.com/products/&apos;]}
                      at org.openqa.selenium.remote.ErrorHandler.createThrowable(ErrorHandler.java:214)
                      at org.openqa.selenium.remote.ErrorHandler.throwIfResponseFailed(ErrorHandler.java:166)
                      at
                      org.openqa.selenium.remote.http.JsonHttpResponseCodec.reconstructValue(JsonHttpResponseCodec.java:40)
                      at
                      org.openqa.selenium.remote.http.AbstractHttpResponseCodec.decode(AbstractHttpResponseCodec.java:80)
                      at
                      org.openqa.selenium.remote.http.AbstractHttpResponseCodec.decode(AbstractHttpResponseCodec.java:44)
                      at org.openqa.selenium.remote.HttpCommandExecutor.execute(HttpCommandExecutor.java:158)
                      at org.openqa.selenium.remote.service.DriverCommandExecutor.execute(DriverCommandExecutor.java:83)
                      at org.openqa.selenium.remote.RemoteWebDriver.execute(RemoteWebDriver.java:552)
                      at org.openqa.selenium.remote.RemoteWebDriver.findElement(RemoteWebDriver.java:323)
                      at org.openqa.selenium.remote.RemoteWebDriver.findElementByXPath(RemoteWebDriver.java:428)
                      at org.openqa.selenium.By$ByXPath.findElement(By.java:353)
                      at org.openqa.selenium.remote.RemoteWebDriver.findElement(RemoteWebDriver.java:315)
                      at
                      org.openqa.selenium.support.pagefactory.DefaultElementLocator.findElement(DefaultElementLocator.java:69)
                      at
                      org.openqa.selenium.support.pagefactory.internal.LocatingElementHandler.invoke(LocatingElementHandler.java:38)
                      at com.sun.proxy.$Proxy10.toString(Unknown Source)
                      at java.lang.String.valueOf(String.java:2994)
                      at java.lang.StringBuilder.append(StringBuilder.java:131)
                      at org.openqa.selenium.support.ui.ExpectedConditions$23.toString(ExpectedConditions.java:683)
                      at java.lang.String.valueOf(String.java:2994)
                      at java.lang.StringBuilder.append(StringBuilder.java:131)
                      at org.openqa.selenium.support.ui.FluentWait.until(FluentWait.java:268)
                      at com.epam.ta.page.AbstractPage.waitUntilElementToBeClickable(PO_Abstract.java:24)
                      at com.epam.ta.page.AbstractPage.clickButtonWhenClickable(PO_Abstract.java:33)
                      at com.epam.ta.page.cloud_google.CloudPage.clickExploreAllProducts(PO_Cloud.java:25)
                      at com.epam.ta.test.TestClass.beforeClass(com.epam.ta.test.TestClass.java:46)
                      at java.com.epam.ta.util.concurrent.FutureTask.run(FutureTask.java:266)
                      at java.com.epam.ta.util.concurrent.ThreadPoolExecutor.runWorker(ThreadPoolExecutor.java:1149)
                      at java.com.epam.ta.util.concurrent.ThreadPoolExecutor$Worker.run(ThreadPoolExecutor.java:624)
                      at java.lang.Thread.run(Thread.java:748)
                      ... Removed 20 stack frames
                  </div> <!-- stack-trace -->
                </div> <!-- method-content -->
              </div> <!-- method -->
              <div class="method">
                <div class="method-content">
                  <a name="testIsFilledFormCorrect">
                  </a> <!-- testIsFilledFormCorrect -->
                  <span class="method-name">testIsFilledFormCorrect</span>
                  <div class="stack-trace">org.openqa.selenium.WebDriverException: chrome not reachable
                      (Session info: chrome=72.0.3626.121)
                      (Driver info: chromedriver=72.0.3626.69
                      (3c16f8a135abc0d4da2dff33804db79b849a7c38),platform=Windows NT 10.0.17763 x86_64) (WARNING: The
                      server did not provide any stacktrace information)
                      Command duration or timeout: 0 milliseconds
                      Build info: version: &apos;3.141.59&apos;, revision: &apos;e82be7d358&apos;, time: &apos;2018-11-14T08:17:03&apos;
                      System info: host: &apos;EPBYMINW7576&apos;, ip: &apos;192.168.56.1&apos;, os.name: &apos;Windows
                      10&apos;, os.arch: &apos;amd64&apos;, os.version: &apos;10.0&apos;, java.version: &apos;1.8.0_202&apos;
                      Driver info: org.openqa.selenium.chrome.ChromeDriver
                      Capabilities {acceptInsecureCerts: false, acceptSslCerts: false, applicationCacheEnabled: false,
                      browserConnectionEnabled: false, browserName: chrome, chrome: {chromedriverVersion: 72.0.3626.69
                      (3c16f8a135abc..., userDataDir: C:\Users\YAUHEN~1\AppData\L...}, cssSelectorsEnabled: true,
                      databaseEnabled: false, goog:chromeOptions: {debuggerAddress: localhost:53974}, handlesAlerts:
                      true, hasTouchScreen: false, javascriptEnabled: true, locationContextEnabled: true,
                      mobileEmulationEnabled: false, nativeEvents: true, networkConnectionEnabled: false,
                      pageLoadStrategy: normal, platform: XP, platformName: XP, proxy: Proxy(), rotatable: false,
                      setWindowRect: true, takesHeapSnapshot: true, takesScreenshot: true, timeouts: {implicit: 0,
                      pageLoad: 300000, script: 30000}, unexpectedAlertBehaviour: ignore, unhandledPromptBehavior:
                      ignore, version: 72.0.3626.121, webStorageEnabled: true}
                      Session ID: 4819e5eede3754a7a6f1849d0481a3c8
                      at org.openqa.selenium.remote.ErrorHandler.createThrowable(ErrorHandler.java:214)
                      at org.openqa.selenium.remote.ErrorHandler.throwIfResponseFailed(ErrorHandler.java:166)
                      at
                      org.openqa.selenium.remote.http.JsonHttpResponseCodec.reconstructValue(JsonHttpResponseCodec.java:40)
                      at
                      org.openqa.selenium.remote.http.AbstractHttpResponseCodec.decode(AbstractHttpResponseCodec.java:80)
                      at
                      org.openqa.selenium.remote.http.AbstractHttpResponseCodec.decode(AbstractHttpResponseCodec.java:44)
                      at org.openqa.selenium.remote.HttpCommandExecutor.execute(HttpCommandExecutor.java:158)
                      at org.openqa.selenium.remote.service.DriverCommandExecutor.execute(DriverCommandExecutor.java:83)
                      at org.openqa.selenium.remote.RemoteWebDriver.execute(RemoteWebDriver.java:552)
                      at org.openqa.selenium.remote.RemoteWebDriver.get(RemoteWebDriver.java:277)
                      at com.epam.ta.page.cloud_google.CloudPage.open(PO_Cloud.java:16)
                      at com.epam.ta.test.TestClass.beforeClass(com.epam.ta.test.TestClass.java:45)
                      at java.com.epam.ta.util.concurrent.FutureTask.run(FutureTask.java:266)
                      at java.com.epam.ta.util.concurrent.ThreadPoolExecutor.runWorker(ThreadPoolExecutor.java:1149)
                      at java.com.epam.ta.util.concurrent.ThreadPoolExecutor$Worker.run(ThreadPoolExecutor.java:624)
                      at java.lang.Thread.run(Thread.java:748)
                      ... Removed 21 stack frames
                  </div> <!-- stack-trace -->
                </div> <!-- method-content -->
              </div> <!-- method -->
              <div class="method">
                <div class="method-content">
                  <a name="testTotalEstimatedCost">
                  </a> <!-- testTotalEstimatedCost -->
                  <span class="method-name">testTotalEstimatedCost</span>
                  <div class="stack-trace">org.openqa.selenium.NoSuchWindowException: no such window: target window
                      already closed
                      from unknown error: web view not found
                      (Session info: chrome=72.0.3626.121)
                      (Driver info: chromedriver=72.0.3626.69
                      (3c16f8a135abc0d4da2dff33804db79b849a7c38),platform=Windows NT 10.0.17763 x86_64) (WARNING: The
                      server did not provide any stacktrace information)
                      Command duration or timeout: 0 milliseconds
                      Build info: version: &apos;3.141.59&apos;, revision: &apos;e82be7d358&apos;, time: &apos;2018-11-14T08:17:03&apos;
                      System info: host: &apos;EPBYMINW7576&apos;, ip: &apos;192.168.56.1&apos;, os.name: &apos;Windows
                      10&apos;, os.arch: &apos;amd64&apos;, os.version: &apos;10.0&apos;, java.version: &apos;1.8.0_202&apos;
                      Driver info: org.openqa.selenium.chrome.ChromeDriver
                      Capabilities {acceptInsecureCerts: false, acceptSslCerts: false, applicationCacheEnabled: false,
                      browserConnectionEnabled: false, browserName: chrome, chrome: {chromedriverVersion: 72.0.3626.69
                      (3c16f8a135abc..., userDataDir: C:\Users\YAUHEN~1\AppData\L...}, cssSelectorsEnabled: true,
                      databaseEnabled: false, goog:chromeOptions: {debuggerAddress: localhost:53978}, handlesAlerts:
                      true, hasTouchScreen: false, javascriptEnabled: true, locationContextEnabled: true,
                      mobileEmulationEnabled: false, nativeEvents: true, networkConnectionEnabled: false,
                      pageLoadStrategy: normal, platform: XP, platformName: XP, proxy: Proxy(), rotatable: false,
                      setWindowRect: true, takesHeapSnapshot: true, takesScreenshot: true, timeouts: {implicit: 0,
                      pageLoad: 300000, script: 30000}, unexpectedAlertBehaviour: ignore, unhandledPromptBehavior:
                      ignore, version: 72.0.3626.121, webStorageEnabled: true}
                      Session ID: dab671f340949f84cc891df1c0931d5d
                      *** Element info: {Using=xpath, value=//div[@class = &apos;cloud-section-header__link&apos;]/a[@href
                      = &apos;https://cloud.google.com/products/&apos;]}
                      at org.openqa.selenium.remote.ErrorHandler.createThrowable(ErrorHandler.java:214)
                      at org.openqa.selenium.remote.ErrorHandler.throwIfResponseFailed(ErrorHandler.java:166)
                      at
                      org.openqa.selenium.remote.http.JsonHttpResponseCodec.reconstructValue(JsonHttpResponseCodec.java:40)
                      at
                      org.openqa.selenium.remote.http.AbstractHttpResponseCodec.decode(AbstractHttpResponseCodec.java:80)
                      at
                      org.openqa.selenium.remote.http.AbstractHttpResponseCodec.decode(AbstractHttpResponseCodec.java:44)
                      at org.openqa.selenium.remote.HttpCommandExecutor.execute(HttpCommandExecutor.java:158)
                      at org.openqa.selenium.remote.service.DriverCommandExecutor.execute(DriverCommandExecutor.java:83)
                      at org.openqa.selenium.remote.RemoteWebDriver.execute(RemoteWebDriver.java:552)
                      at org.openqa.selenium.remote.RemoteWebDriver.findElement(RemoteWebDriver.java:323)
                      at org.openqa.selenium.remote.RemoteWebDriver.findElementByXPath(RemoteWebDriver.java:428)
                      at org.openqa.selenium.By$ByXPath.findElement(By.java:353)
                      at org.openqa.selenium.remote.RemoteWebDriver.findElement(RemoteWebDriver.java:315)
                      at
                      org.openqa.selenium.support.pagefactory.DefaultElementLocator.findElement(DefaultElementLocator.java:69)
                      at
                      org.openqa.selenium.support.pagefactory.internal.LocatingElementHandler.invoke(LocatingElementHandler.java:38)
                      at com.sun.proxy.$Proxy10.toString(Unknown Source)
                      at java.lang.String.valueOf(String.java:2994)
                      at java.lang.StringBuilder.append(StringBuilder.java:131)
                      at org.openqa.selenium.support.ui.ExpectedConditions$23.toString(ExpectedConditions.java:683)
                      at java.lang.String.valueOf(String.java:2994)
                      at java.lang.StringBuilder.append(StringBuilder.java:131)
                      at org.openqa.selenium.support.ui.FluentWait.until(FluentWait.java:268)
                      at com.epam.ta.page.AbstractPage.waitUntilElementToBeClickable(PO_Abstract.java:24)
                      at com.epam.ta.page.AbstractPage.clickButtonWhenClickable(PO_Abstract.java:33)
                      at com.epam.ta.page.cloud_google.CloudPage.clickExploreAllProducts(PO_Cloud.java:25)
                      at com.epam.ta.test.TestClass.beforeClass(com.epam.ta.test.TestClass.java:46)
                      at java.com.epam.ta.util.concurrent.FutureTask.run(FutureTask.java:266)
                      at java.com.epam.ta.util.concurrent.ThreadPoolExecutor.runWorker(ThreadPoolExecutor.java:1149)
                      at java.com.epam.ta.util.concurrent.ThreadPoolExecutor$Worker.run(ThreadPoolExecutor.java:624)
                      at java.lang.Thread.run(Thread.java:748)
                      ... Removed 20 stack frames
                  </div> <!-- stack-trace -->
                </div> <!-- method-content -->
              </div> <!-- method -->
              <div class="method">
                <div class="method-content">
                  <a name="testTotalEstimatedCost">
                  </a> <!-- testTotalEstimatedCost -->
                  <span class="method-name">testTotalEstimatedCost</span>
                  <div class="stack-trace">org.openqa.selenium.NoSuchWindowException: no such window: target window
                      already closed
                      from unknown error: web view not found
                      (Session info: chrome=72.0.3626.121)
                      (Driver info: chromedriver=72.0.3626.69
                      (3c16f8a135abc0d4da2dff33804db79b849a7c38),platform=Windows NT 10.0.17763 x86_64) (WARNING: The
                      server did not provide any stacktrace information)
                      Command duration or timeout: 0 milliseconds
                      Build info: version: &apos;3.141.59&apos;, revision: &apos;e82be7d358&apos;, time: &apos;2018-11-14T08:17:03&apos;
                      System info: host: &apos;EPBYMINW7576&apos;, ip: &apos;192.168.56.1&apos;, os.name: &apos;Windows
                      10&apos;, os.arch: &apos;amd64&apos;, os.version: &apos;10.0&apos;, java.version: &apos;1.8.0_202&apos;
                      Driver info: org.openqa.selenium.chrome.ChromeDriver
                      Capabilities {acceptInsecureCerts: false, acceptSslCerts: false, applicationCacheEnabled: false,
                      browserConnectionEnabled: false, browserName: chrome, chrome: {chromedriverVersion: 72.0.3626.69
                      (3c16f8a135abc..., userDataDir: C:\Users\YAUHEN~1\AppData\L...}, cssSelectorsEnabled: true,
                      databaseEnabled: false, goog:chromeOptions: {debuggerAddress: localhost:53975}, handlesAlerts:
                      true, hasTouchScreen: false, javascriptEnabled: true, locationContextEnabled: true,
                      mobileEmulationEnabled: false, nativeEvents: true, networkConnectionEnabled: false,
                      pageLoadStrategy: normal, platform: XP, platformName: XP, proxy: Proxy(), rotatable: false,
                      setWindowRect: true, takesHeapSnapshot: true, takesScreenshot: true, timeouts: {implicit: 0,
                      pageLoad: 300000, script: 30000}, unexpectedAlertBehaviour: ignore, unhandledPromptBehavior:
                      ignore, version: 72.0.3626.121, webStorageEnabled: true}
                      Session ID: 255e3c51c6a4abd23f068e9d7abaea46
                      *** Element info: {Using=xpath, value=//div[@class = &apos;cloud-section-header__link&apos;]/a[@href
                      = &apos;https://cloud.google.com/products/&apos;]}
                      at org.openqa.selenium.remote.ErrorHandler.createThrowable(ErrorHandler.java:214)
                      at org.openqa.selenium.remote.ErrorHandler.throwIfResponseFailed(ErrorHandler.java:166)
                      at
                      org.openqa.selenium.remote.http.JsonHttpResponseCodec.reconstructValue(JsonHttpResponseCodec.java:40)
                      at
                      org.openqa.selenium.remote.http.AbstractHttpResponseCodec.decode(AbstractHttpResponseCodec.java:80)
                      at
                      org.openqa.selenium.remote.http.AbstractHttpResponseCodec.decode(AbstractHttpResponseCodec.java:44)
                      at org.openqa.selenium.remote.HttpCommandExecutor.execute(HttpCommandExecutor.java:158)
                      at org.openqa.selenium.remote.service.DriverCommandExecutor.execute(DriverCommandExecutor.java:83)
                      at org.openqa.selenium.remote.RemoteWebDriver.execute(RemoteWebDriver.java:552)
                      at org.openqa.selenium.remote.RemoteWebDriver.findElement(RemoteWebDriver.java:323)
                      at org.openqa.selenium.remote.RemoteWebDriver.findElementByXPath(RemoteWebDriver.java:428)
                      at org.openqa.selenium.By$ByXPath.findElement(By.java:353)
                      at org.openqa.selenium.remote.RemoteWebDriver.findElement(RemoteWebDriver.java:315)
                      at
                      org.openqa.selenium.support.pagefactory.DefaultElementLocator.findElement(DefaultElementLocator.java:69)
                      at
                      org.openqa.selenium.support.pagefactory.internal.LocatingElementHandler.invoke(LocatingElementHandler.java:38)
                      at com.sun.proxy.$Proxy10.toString(Unknown Source)
                      at java.lang.String.valueOf(String.java:2994)
                      at java.lang.StringBuilder.append(StringBuilder.java:131)
                      at org.openqa.selenium.support.ui.ExpectedConditions$23.toString(ExpectedConditions.java:683)
                      at java.lang.String.valueOf(String.java:2994)
                      at java.lang.StringBuilder.append(StringBuilder.java:131)
                      at org.openqa.selenium.support.ui.FluentWait.until(FluentWait.java:268)
                      at com.epam.ta.page.AbstractPage.waitUntilElementToBeClickable(PO_Abstract.java:24)
                      at com.epam.ta.page.AbstractPage.clickButtonWhenClickable(PO_Abstract.java:33)
                      at com.epam.ta.page.cloud_google.CloudPage.clickExploreAllProducts(PO_Cloud.java:25)
                      at com.epam.ta.test.TestClass.beforeClass(com.epam.ta.test.TestClass.java:46)
                      at java.com.epam.ta.util.concurrent.FutureTask.run(FutureTask.java:266)
                      at java.com.epam.ta.util.concurrent.ThreadPoolExecutor.runWorker(ThreadPoolExecutor.java:1149)
                      at java.com.epam.ta.util.concurrent.ThreadPoolExecutor$Worker.run(ThreadPoolExecutor.java:624)
                      at java.lang.Thread.run(Thread.java:748)
                      ... Removed 20 stack frames
                  </div> <!-- stack-trace -->
                </div> <!-- method-content -->
              </div> <!-- method -->
              <div class="method">
                <div class="method-content">
                  <a name="testTotalEstimatedCost">
                  </a> <!-- testTotalEstimatedCost -->
                  <span class="method-name">testTotalEstimatedCost</span>
                  <div class="stack-trace">org.openqa.selenium.WebDriverException: chrome not reachable
                      (Session info: chrome=72.0.3626.121)
                      (Driver info: chromedriver=72.0.3626.69
                      (3c16f8a135abc0d4da2dff33804db79b849a7c38),platform=Windows NT 10.0.17763 x86_64) (WARNING: The
                      server did not provide any stacktrace information)
                      Command duration or timeout: 0 milliseconds
                      Build info: version: &apos;3.141.59&apos;, revision: &apos;e82be7d358&apos;, time: &apos;2018-11-14T08:17:03&apos;
                      System info: host: &apos;EPBYMINW7576&apos;, ip: &apos;192.168.56.1&apos;, os.name: &apos;Windows
                      10&apos;, os.arch: &apos;amd64&apos;, os.version: &apos;10.0&apos;, java.version: &apos;1.8.0_202&apos;
                      Driver info: org.openqa.selenium.chrome.ChromeDriver
                      Capabilities {acceptInsecureCerts: false, acceptSslCerts: false, applicationCacheEnabled: false,
                      browserConnectionEnabled: false, browserName: chrome, chrome: {chromedriverVersion: 72.0.3626.69
                      (3c16f8a135abc..., userDataDir: C:\Users\YAUHEN~1\AppData\L...}, cssSelectorsEnabled: true,
                      databaseEnabled: false, goog:chromeOptions: {debuggerAddress: localhost:53974}, handlesAlerts:
                      true, hasTouchScreen: false, javascriptEnabled: true, locationContextEnabled: true,
                      mobileEmulationEnabled: false, nativeEvents: true, networkConnectionEnabled: false,
                      pageLoadStrategy: normal, platform: XP, platformName: XP, proxy: Proxy(), rotatable: false,
                      setWindowRect: true, takesHeapSnapshot: true, takesScreenshot: true, timeouts: {implicit: 0,
                      pageLoad: 300000, script: 30000}, unexpectedAlertBehaviour: ignore, unhandledPromptBehavior:
                      ignore, version: 72.0.3626.121, webStorageEnabled: true}
                      Session ID: 4819e5eede3754a7a6f1849d0481a3c8
                      at org.openqa.selenium.remote.ErrorHandler.createThrowable(ErrorHandler.java:214)
                      at org.openqa.selenium.remote.ErrorHandler.throwIfResponseFailed(ErrorHandler.java:166)
                      at
                      org.openqa.selenium.remote.http.JsonHttpResponseCodec.reconstructValue(JsonHttpResponseCodec.java:40)
                      at
                      org.openqa.selenium.remote.http.AbstractHttpResponseCodec.decode(AbstractHttpResponseCodec.java:80)
                      at
                      org.openqa.selenium.remote.http.AbstractHttpResponseCodec.decode(AbstractHttpResponseCodec.java:44)
                      at org.openqa.selenium.remote.HttpCommandExecutor.execute(HttpCommandExecutor.java:158)
                      at org.openqa.selenium.remote.service.DriverCommandExecutor.execute(DriverCommandExecutor.java:83)
                      at org.openqa.selenium.remote.RemoteWebDriver.execute(RemoteWebDriver.java:552)
                      at org.openqa.selenium.remote.RemoteWebDriver.get(RemoteWebDriver.java:277)
                      at com.epam.ta.page.cloud_google.CloudPage.open(PO_Cloud.java:16)
                      at com.epam.ta.test.TestClass.beforeClass(com.epam.ta.test.TestClass.java:45)
                      at java.com.epam.ta.util.concurrent.FutureTask.run(FutureTask.java:266)
                      at java.com.epam.ta.util.concurrent.ThreadPoolExecutor.runWorker(ThreadPoolExecutor.java:1149)
                      at java.com.epam.ta.util.concurrent.ThreadPoolExecutor$Worker.run(ThreadPoolExecutor.java:624)
                      at java.lang.Thread.run(Thread.java:748)
                      ... Removed 21 stack frames
                  </div> <!-- stack-trace -->
                </div> <!-- method-content -->
              </div> <!-- method -->
            </div> <!-- main-panel-content rounded-window-bottom -->
          </div> <!-- suite-Suite1-class-skipped -->
        </div> <!-- panel Suite1 -->
        <div panel-name="com.epam.ta.test-xml-Suite1" class="panel">
          <div class="main-panel-header rounded-window-top">
            <span class="header-content">D:\Projects\Lab-s-tasks\webdrivergooglecloud\testng.xml</span>
          </div> <!-- main-panel-header rounded-window-top -->
          <div class="main-panel-content rounded-window-bottom">
            <pre>
&lt;?xml version=&quot;1.0&quot; encoding=&quot;UTF-8&quot;?&gt;
&lt;!DOCTYPE suite SYSTEM &quot;http://testng.org/testng-1.0.dtd&quot;&gt;
&lt;suite thread-count=&quot;3&quot; guice-stage=&quot;DEVELOPMENT&quot; name=&quot;Suite1&quot; parallel=&quot;tests&quot;&gt;
  &lt;com.epam.ta.test thread-count=&quot;3&quot; name=&quot;GoogleCloud-1&quot; parallel=&quot;tests&quot;&gt;
    &lt;parameter name=&quot;browser_name&quot; value=&quot;chrome&quot;/&gt;
    &lt;classes&gt;
      &lt;class name=&quot;com.epam.ta.test.TestClass&quot;/&gt;
    &lt;/classes&gt;
  &lt;/com.epam.ta.test&gt; &lt;!-- GoogleCloud-1 --&gt;
  &lt;com.epam.ta.test thread-count=&quot;3&quot; name=&quot;GoogleCloud-2&quot; parallel=&quot;tests&quot;&gt;
    &lt;parameter name=&quot;browser_name&quot; value=&quot;edge&quot;/&gt;
    &lt;classes&gt;
      &lt;class name=&quot;com.epam.ta.test.TestClass&quot;/&gt;
    &lt;/classes&gt;
  &lt;/com.epam.ta.test&gt; &lt;!-- GoogleCloud-2 --&gt;
  &lt;com.epam.ta.test thread-count=&quot;3&quot; name=&quot;GoogleCloud-3&quot; parallel=&quot;tests&quot;&gt;
    &lt;parameter name=&quot;browser_name&quot; value=&quot;firefox&quot;/&gt;
    &lt;classes&gt;
      &lt;class name=&quot;com.epam.ta.test.TestClass&quot;/&gt;
    &lt;/classes&gt;
  &lt;/com.epam.ta.test&gt; &lt;!-- GoogleCloud-3 --&gt;
&lt;/suite&gt; &lt;!-- Suite1 --&gt;
            </pre>
          </div> <!-- main-panel-content rounded-window-bottom -->
        </div> <!-- panel -->
        <div panel-name="testlist-Suite1" class="panel">
          <div class="main-panel-header rounded-window-top">
            <span class="header-content">Tests for Suite1</span>
          </div> <!-- main-panel-header rounded-window-top -->
          <div class="main-panel-content rounded-window-bottom">
            <ul>
              <li>
                <span class="com.epam.ta.test-name">GoogleCloud-1 (1 class)</span>
              </li>
              <li>
                <span class="com.epam.ta.test-name">GoogleCloud-2 (1 class)</span>
              </li>
              <li>
                <span class="com.epam.ta.test-name">GoogleCloud-3 (1 class)</span>
              </li>
            </ul>
          </div> <!-- main-panel-content rounded-window-bottom -->
        </div> <!-- panel -->
        <div panel-name="group-Suite1" class="panel">
          <div class="main-panel-header rounded-window-top">
            <span class="header-content">Groups for Suite1</span>
          </div> <!-- main-panel-header rounded-window-top -->
          <div class="main-panel-content rounded-window-bottom">
          </div> <!-- main-panel-content rounded-window-bottom -->
        </div> <!-- panel -->
        <div panel-name="times-Suite1" class="panel">
          <div class="main-panel-header rounded-window-top">
            <span class="header-content">Times for Suite1</span>
          </div> <!-- main-panel-header rounded-window-top -->
          <div class="main-panel-content rounded-window-bottom">
            <div class="times-div">
              <script type="text/javascript">
                  suiteTableInitFunctions.push('tableData_Suite1');
                  function tableData_Suite1() {
                  var data = new google.visualization.DataTable();
                  data.addColumn('number', 'Number');
                  data.addColumn('string', 'Method');
                  data.addColumn('string', 'Class');
                  data.addColumn('number', 'Time (ms)');
                  data.addRows(6);
                  data.setCell(0, 0, 0)
                  data.setCell(0, 1, 'testTotalEstimatedCost')
                  data.setCell(0, 2, 'com.epam.ta.test.TestClass')
                  data.setCell(0, 3, 0);
                  data.setCell(1, 0, 1)
                  data.setCell(1, 1, 'testIsFilledFormCorrect')
                  data.setCell(1, 2, 'com.epam.ta.test.TestClass')
                  data.setCell(1, 3, 0);
                  data.setCell(2, 0, 2)
                  data.setCell(2, 1, 'testTotalEstimatedCost')
                  data.setCell(2, 2, 'com.epam.ta.test.TestClass')
                  data.setCell(2, 3, 0);
                  data.setCell(3, 0, 3)
                  data.setCell(3, 1, 'testIsFilledFormCorrect')
                  data.setCell(3, 2, 'com.epam.ta.test.TestClass')
                  data.setCell(3, 3, 0);
                  data.setCell(4, 0, 4)
                  data.setCell(4, 1, 'testIsFilledFormCorrect')
                  data.setCell(4, 2, 'com.epam.ta.test.TestClass')
                  data.setCell(4, 3, 0);
                  data.setCell(5, 0, 5)
                  data.setCell(5, 1, 'testTotalEstimatedCost')
                  data.setCell(5, 2, 'com.epam.ta.test.TestClass')
                  data.setCell(5, 3, 0);
                  window.suiteTableData['Suite1']= { tableData: data, tableDiv: 'times-div-Suite1'}
                  return data;
                  }
              </script>
              <span class="suite-total-time">Total running time: 0 ms</span>
              <div id="times-div-Suite1">
              </div> <!-- times-div-Suite1 -->
            </div> <!-- times-div -->
          </div> <!-- main-panel-content rounded-window-bottom -->
        </div> <!-- panel -->
        <div panel-name="reporter-Suite1" class="panel">
          <div class="main-panel-header rounded-window-top">
            <span class="header-content">Reporter output for Suite1</span>
          </div> <!-- main-panel-header rounded-window-top -->
          <div class="main-panel-content rounded-window-bottom">
          </div> <!-- main-panel-content rounded-window-bottom -->
        </div> <!-- panel -->
        <div panel-name="ignored-methods-Suite1" class="panel">
          <div class="main-panel-header rounded-window-top">
            <span class="header-content">3 ignored methods</span>
          </div> <!-- main-panel-header rounded-window-top -->
          <div class="main-panel-content rounded-window-bottom">
            <div class="ignored-class-div">
              <span class="ignored-class-name">com.epam.ta.test.TestClass</span>
              <div class="ignored-methods-div">
                <span class="ignored-method-name">testGettingCalculationsOnEmail</span>
                <br/>
                <span class="ignored-method-name">testGettingCalculationsOnEmail</span>
                <br/>
                <span class="ignored-method-name">testGettingCalculationsOnEmail</span>
                <br/>
              </div> <!-- ignored-methods-div -->
            </div> <!-- ignored-class-div -->
          </div> <!-- main-panel-content rounded-window-bottom -->
        </div> <!-- panel -->
        <div panel-name="chronological-Suite1" class="panel">
          <div class="main-panel-header rounded-window-top">
            <span class="header-content">Methods in chronological order</span>
          </div> <!-- main-panel-header rounded-window-top -->
          <div class="main-panel-content rounded-window-bottom">
            <div class="chronological-class">
              <div class="chronological-class-name">com.epam.ta.test.TestClass</div> <!-- chronological-class-name -->
              <div class="configuration-class before">
                <img src="failed.png">
                </img>
                <span class="method-name">beforeClass</span>
                <span class="method-start">0 ms</span>
              </div> <!-- configuration-class before -->
              <div class="configuration-class before">
                <img src="failed.png">
                </img>
                <span class="method-name">beforeClass</span>
                <span class="method-start">0 ms</span>
              </div> <!-- configuration-class before -->
              <div class="configuration-class before">
                <img src="failed.png">
                </img>
                <span class="method-name">beforeClass</span>
                <span class="method-start">0 ms</span>
              </div> <!-- configuration-class before -->
              <div class="com.epam.ta.test-method">
                <span class="method-name">testIsFilledFormCorrect</span>
                <span class="method-start">-1552654911721 ms</span>
              </div> <!-- com.epam.ta.test-method -->
              <div class="com.epam.ta.test-method">
                <span class="method-name">testTotalEstimatedCost</span>
                <span class="method-start">-1552654911721 ms</span>
              </div> <!-- com.epam.ta.test-method -->
              <div class="com.epam.ta.test-method">
                <span class="method-name">testIsFilledFormCorrect</span>
                <span class="method-start">-1552654911721 ms</span>
              </div> <!-- com.epam.ta.test-method -->
              <div class="com.epam.ta.test-method">
                <span class="method-name">testTotalEstimatedCost</span>
                <span class="method-start">-1552654911721 ms</span>
              </div> <!-- com.epam.ta.test-method -->
              <div class="com.epam.ta.test-method">
                <span class="method-name">testIsFilledFormCorrect</span>
                <span class="method-start">-1552654911721 ms</span>
              </div> <!-- com.epam.ta.test-method -->
              <div class="com.epam.ta.test-method">
                <span class="method-name">testTotalEstimatedCost</span>
                <span class="method-start">-1552654911721 ms</span>
              </div> <!-- com.epam.ta.test-method -->
          </div> <!-- main-panel-content rounded-window-bottom -->
        </div> <!-- panel -->
      </div> <!-- main-panel-root -->
    </div> <!-- wrapper -->
  </body>
</html>
