<?xml version="1.0" encoding="UTF-8"?>
<!-- Generated by org.testng.reporters.JUnitXMLReporter -->
<testsuite hostname="EPBYMINW7576" ignored="1" tests="2" failures="0" timestamp="12 Mar 2019 09:51:05 GMT" time="44.122" errors="0">
  <testcase name="@BeforeClass beforeClass" time="44.112" classname="TestClass">
    <failure type="org.openqa.selenium.WebDriverException" message="unknown error: Element &amp;lt;iframe id=&amp;quot;idIframe&amp;quot; src=&amp;quot;https://cloudpricingcalculator.appspot.com&amp;quot; scrolling=&amp;quot;no&amp;quot; style=&amp;quot;overflow: hidden; height: 3049px; width: 100%;&amp;quot; cd_frame_id_=&amp;quot;798b06193ecc22b5c8f3e725976885d8&amp;quot;&amp;gt;&amp;lt;/iframe&amp;gt; is not clickable at point (263, 42). Other element would receive the click: &amp;lt;a href=&amp;quot;https://cloud.google.com/why-google-cloud/&amp;quot; class=&amp;quot; devsite-nav-tab
                  devsite-doc-set-nav-tab devsite-doc-set-nav-tab-link gc-analytics-event&amp;quot; data-category=&amp;quot;Site-Wide Custom Events&amp;quot; data-label=&amp;quot;Tab: Why Google&amp;quot; track-type=&amp;quot;globalNav&amp;quot; track-name=&amp;quot;whyGoogle&amp;quot; track-metadata-position=&amp;quot;nav&amp;quot; track-metadata-eventdetail=&amp;quot;nav&amp;quot;&amp;gt;...&amp;lt;/a&amp;gt;
  (Session info: chrome=72.0.3626.121)
  (Driver info: chromedriver=72.0.3626.69 (3c16f8a135abc0d4da2dff33804db79b849a7c38),platform=Windows NT 10.0.17763 x86_64) (WARNING: The server did not provide any stacktrace information)
Command duration or timeout: 0 milliseconds
Build info: version: &amp;apos;3.141.59&amp;apos;, revision: &amp;apos;e82be7d358&amp;apos;, time: &amp;apos;2018-11-14T08:17:03&amp;apos;
System info: host: &amp;apos;EPBYMINW7576&amp;apos;, ip: &amp;apos;192.168.56.1&amp;apos;, os.name: &amp;apos;Windows 10&amp;apos;, os.arch: &amp;apos;amd64&amp;apos;, os.version: &amp;apos;10.0&amp;apos;, java.version: &amp;apos;1.8.0_202&amp;apos;
Driver info: org.openqa.selenium.chrome.ChromeDriver
Capabilities {acceptInsecureCerts: false, acceptSslCerts: false, applicationCacheEnabled: false, browserConnectionEnabled: false, browserName: chrome, chrome: {chromedriverVersion: 72.0.3626.69 (3c16f8a135abc..., userDataDir: C:\Users\YAUHEN~1\AppData\L...}, cssSelectorsEnabled: true, databaseEnabled: false, goog:chromeOptions: {debuggerAddress: localhost:51905}, handlesAlerts: true, hasTouchScreen: false, javascriptEnabled: true, locationContextEnabled: true, mobileEmulationEnabled: false, nativeEvents: true, networkConnectionEnabled: false, pageLoadStrategy: normal, platform: XP, platformName: XP, proxy: Proxy(), rotatable: false, setWindowRect: true, takesHeapSnapshot: true, takesScreenshot: true, timeouts: {implicit: 0, pageLoad: 300000, script: 30000}, unexpectedAlertBehaviour: ignore, unhandledPromptBehavior: ignore, version: 72.0.3626.121, webStorageEnabled: true}
Session ID: 77ce902f55ad371e1997b63987b27a73">
      <![CDATA[org.openqa.selenium.WebDriverException: unknown error: Element <iframe id="idIframe" src="https://cloudpricingcalculator.appspot.com" scrolling="no" style="overflow: hidden; height: 3049px; width: 100%;" cd_frame_id_="798b06193ecc22b5c8f3e725976885d8"></iframe> is not clickable at point (263, 42). Other element would receive the click: <a href="https://cloud.google.com/why-google-cloud/" class=" devsite-nav-tab
                  devsite-doc-set-nav-tab devsite-doc-set-nav-tab-link gc-analytics-event" data-category="Site-Wide Custom Events" data-label="Tab: Why Google" track-type="globalNav" track-name="whyGoogle" track-metadata-position="nav" track-metadata-eventdetail="nav">...</a>
  (Session info: chrome=72.0.3626.121)
  (Driver info: chromedriver=72.0.3626.69 (3c16f8a135abc0d4da2dff33804db79b849a7c38),platform=Windows NT 10.0.17763 x86_64) (WARNING: The server did not provide any stacktrace information)
Command duration or timeout: 0 milliseconds
Build info: version: '3.141.59', revision: 'e82be7d358', time: '2018-11-14T08:17:03'
System info: host: 'EPBYMINW7576', ip: '192.168.56.1', os.name: 'Windows 10', os.arch: 'amd64', os.version: '10.0', java.version: '1.8.0_202'
Driver info: org.openqa.selenium.chrome.ChromeDriver
Capabilities {acceptInsecureCerts: false, acceptSslCerts: false, applicationCacheEnabled: false, browserConnectionEnabled: false, browserName: chrome, chrome: {chromedriverVersion: 72.0.3626.69 (3c16f8a135abc..., userDataDir: C:\Users\YAUHEN~1\AppData\L...}, cssSelectorsEnabled: true, databaseEnabled: false, goog:chromeOptions: {debuggerAddress: localhost:51905}, handlesAlerts: true, hasTouchScreen: false, javascriptEnabled: true, locationContextEnabled: true, mobileEmulationEnabled: false, nativeEvents: true, networkConnectionEnabled: false, pageLoadStrategy: normal, platform: XP, platformName: XP, proxy: Proxy(), rotatable: false, setWindowRect: true, takesHeapSnapshot: true, takesScreenshot: true, timeouts: {implicit: 0, pageLoad: 300000, script: 30000}, unexpectedAlertBehaviour: ignore, unhandledPromptBehavior: ignore, version: 72.0.3626.121, webStorageEnabled: true}
Session ID: 77ce902f55ad371e1997b63987b27a73
at org.openqa.selenium.remote.ErrorHandler.createThrowable(ErrorHandler.java:214)
at org.openqa.selenium.remote.ErrorHandler.throwIfResponseFailed(ErrorHandler.java:166)
at org.openqa.selenium.remote.http.JsonHttpResponseCodec.reconstructValue(JsonHttpResponseCodec.java:40)
at org.openqa.selenium.remote.http.AbstractHttpResponseCodec.decode(AbstractHttpResponseCodec.java:80)
at org.openqa.selenium.remote.http.AbstractHttpResponseCodec.decode(AbstractHttpResponseCodec.java:44)
at org.openqa.selenium.remote.HttpCommandExecutor.execute(HttpCommandExecutor.java:158)
at org.openqa.selenium.remote.service.DriverCommandExecutor.execute(DriverCommandExecutor.java:83)
at org.openqa.selenium.remote.RemoteWebDriver.execute(RemoteWebDriver.java:552)
at org.openqa.selenium.remote.RemoteWebElement.execute(RemoteWebElement.java:285)
at org.openqa.selenium.remote.RemoteWebElement.click(RemoteWebElement.java:84)
at org.openqa.selenium.support.pagefactory.internal.LocatingElementHandler.invoke(LocatingElementHandler.java:51)
at com.sun.proxy.$Proxy10.click(Unknown Source)
at pages_objects.PO_Abstract.clickButtonWhenClickable(PO_Abstract.java:35)
at pages_objects.cloud_google.PO_Frame.clickComputeEngine(PO_Frame.java:87)
at TestClass.beforeClass(TestClass.java:57)
... Removed 33 stack frames]]>
    </failure>
  </testcase> <!-- @BeforeClass beforeClass -->
  <testcase name="@BeforeMethod beforeTest" time="0.0" classname="TestClass">
    <skipped/>
  </testcase> <!-- @BeforeMethod beforeTest -->
  <testcase name="@AfterMethod afterTest" time="0.0" classname="TestClass">
    <skipped/>
  </testcase> <!-- @AfterMethod afterTest -->
  <testcase name="@BeforeMethod beforeTest" time="0.0" classname="TestClass">
    <skipped/>
  </testcase> <!-- @BeforeMethod beforeTest -->
  <testcase name="@AfterMethod afterTest" time="0.0" classname="TestClass">
    <skipped/>
  </testcase> <!-- @AfterMethod afterTest -->
  <testcase name="@AfterClass afterClass" time="0.0" classname="TestClass">
    <skipped/>
  </testcase> <!-- @AfterClass afterClass -->
  <testcase name="testIsFilledFormCorrect" time="0.0" classname="TestClass">
    <skipped/>
  </testcase> <!-- testIsFilledFormCorrect -->
  <testcase name="testTotalEstimatedCost" time="0.0" classname="TestClass">
    <skipped/>
  </testcase> <!-- testTotalEstimatedCost -->
  <testcase name="testGettingCalculationsOnEmail" time="0.0" classname="TestClass">
    <ignored/>
  </testcase> <!-- testGettingCalculationsOnEmail -->
</testsuite>
