<?xml version="1.0" encoding="UTF-8"?>
<!-- Generated by org.testng.reporters.JUnitXMLReporter -->
<testsuite hostname="EPBYMINW7576" ignored="0" tests="3" failures="0" timestamp="07 Mar 2019 13:51:00 GMT" time="88.016" errors="0">
  <testcase name="@BeforeClass beforeClass" time="88.007" classname="TestClass">
    <failure type="org.openqa.selenium.TimeoutException" message="Expected condition failed: waiting for visibility of all [[[ChromeDriver: chrome on XP (53ab1f2e0102985e9540bfe2800a44db)] -&amp;gt; xpath: //div[@id=&amp;apos;select_container_59&amp;apos;]//md-option/div], [[ChromeDriver: chrome on XP (53ab1f2e0102985e9540bfe2800a44db)] -&amp;gt; xpath: //div[@id=&amp;apos;select_container_59&amp;apos;]//md-option/div], [[ChromeDriver: chrome on XP (53ab1f2e0102985e9540bfe2800a44db)] -&amp;gt; xpath: //div[@id=&amp;apos;select_container_59&amp;apos;]//md-option/div], [[ChromeDriver: chrome on XP (53ab1f2e0102985e9540bfe2800a44db)] -&amp;gt; xpath: //div[@id=&amp;apos;select_container_59&amp;apos;]//md-option/div], [[ChromeDriver: chrome on XP (53ab1f2e0102985e9540bfe2800a44db)] -&amp;gt; xpath: //div[@id=&amp;apos;select_container_59&amp;apos;]//md-option/div], [[ChromeDriver: chrome on XP (53ab1f2e0102985e9540bfe2800a44db)] -&amp;gt; xpath: //div[@id=&amp;apos;select_container_59&amp;apos;]//md-option/div], [[ChromeDriver: chrome on XP (53ab1f2e0102985e9540bfe2800a44db)] -&amp;gt; xpath: //div[@id=&amp;apos;select_container_59&amp;apos;]//md-option/div], [[ChromeDriver: chrome on XP (53ab1f2e0102985e9540bfe2800a44db)] -&amp;gt; xpath: //div[@id=&amp;apos;select_container_59&amp;apos;]//md-option/div], [[ChromeDriver: chrome on XP (53ab1f2e0102985e9540bfe2800a44db)] -&amp;gt; xpath: //div[@id=&amp;apos;select_container_59&amp;apos;]//md-option/div], [[ChromeDriver: chrome on XP (53ab1f2e0102985e9540bfe2800a44db)] -&amp;gt; xpath: //div[@id=&amp;apos;select_container_59&amp;apos;]//md-option/div]] (tried for 10 second(s) with 500 milliseconds interval)
Build info: version: &amp;apos;3.141.59&amp;apos;, revision: &amp;apos;e82be7d358&amp;apos;, time: &amp;apos;2018-11-14T08:17:03&amp;apos;
System info: host: &amp;apos;EPBYMINW7576&amp;apos;, ip: &amp;apos;192.168.56.1&amp;apos;, os.name: &amp;apos;Windows 10&amp;apos;, os.arch: &amp;apos;amd64&amp;apos;, os.version: &amp;apos;10.0&amp;apos;, java.version: &amp;apos;1.8.0_202&amp;apos;
Driver info: org.openqa.selenium.chrome.ChromeDriver
Capabilities {acceptInsecureCerts: false, acceptSslCerts: false, applicationCacheEnabled: false, browserConnectionEnabled: false, browserName: chrome, chrome: {chromedriverVersion: 2.46.628402 (536cd7adbad73a..., userDataDir: C:\Users\YAUHEN~1\AppData\L...}, cssSelectorsEnabled: true, databaseEnabled: false, goog:chromeOptions: {debuggerAddress: localhost:64073}, handlesAlerts: true, hasTouchScreen: false, javascriptEnabled: true, locationContextEnabled: true, mobileEmulationEnabled: false, nativeEvents: true, networkConnectionEnabled: false, pageLoadStrategy: normal, platform: XP, platformName: XP, proxy: Proxy(), rotatable: false, setWindowRect: true, strictFileInteractability: false, takesHeapSnapshot: true, takesScreenshot: true, timeouts: {implicit: 0, pageLoad: 300000, script: 30000}, unexpectedAlertBehaviour: ignore, unhandledPromptBehavior: ignore, version: 72.0.3626.121, webStorageEnabled: true}
Session ID: 53ab1f2e0102985e9540bfe2800a44db">
      <![CDATA[org.openqa.selenium.TimeoutException: Expected condition failed: waiting for visibility of all [[[ChromeDriver: chrome on XP (53ab1f2e0102985e9540bfe2800a44db)] -> xpath: //div[@id='select_container_59']//md-option/div], [[ChromeDriver: chrome on XP (53ab1f2e0102985e9540bfe2800a44db)] -> xpath: //div[@id='select_container_59']//md-option/div], [[ChromeDriver: chrome on XP (53ab1f2e0102985e9540bfe2800a44db)] -> xpath: //div[@id='select_container_59']//md-option/div], [[ChromeDriver: chrome on XP (53ab1f2e0102985e9540bfe2800a44db)] -> xpath: //div[@id='select_container_59']//md-option/div], [[ChromeDriver: chrome on XP (53ab1f2e0102985e9540bfe2800a44db)] -> xpath: //div[@id='select_container_59']//md-option/div], [[ChromeDriver: chrome on XP (53ab1f2e0102985e9540bfe2800a44db)] -> xpath: //div[@id='select_container_59']//md-option/div], [[ChromeDriver: chrome on XP (53ab1f2e0102985e9540bfe2800a44db)] -> xpath: //div[@id='select_container_59']//md-option/div], [[ChromeDriver: chrome on XP (53ab1f2e0102985e9540bfe2800a44db)] -> xpath: //div[@id='select_container_59']//md-option/div], [[ChromeDriver: chrome on XP (53ab1f2e0102985e9540bfe2800a44db)] -> xpath: //div[@id='select_container_59']//md-option/div], [[ChromeDriver: chrome on XP (53ab1f2e0102985e9540bfe2800a44db)] -> xpath: //div[@id='select_container_59']//md-option/div]] (tried for 10 second(s) with 500 milliseconds interval)
Build info: version: '3.141.59', revision: 'e82be7d358', time: '2018-11-14T08:17:03'
System info: host: 'EPBYMINW7576', ip: '192.168.56.1', os.name: 'Windows 10', os.arch: 'amd64', os.version: '10.0', java.version: '1.8.0_202'
Driver info: org.openqa.selenium.chrome.ChromeDriver
Capabilities {acceptInsecureCerts: false, acceptSslCerts: false, applicationCacheEnabled: false, browserConnectionEnabled: false, browserName: chrome, chrome: {chromedriverVersion: 2.46.628402 (536cd7adbad73a..., userDataDir: C:\Users\YAUHEN~1\AppData\L...}, cssSelectorsEnabled: true, databaseEnabled: false, goog:chromeOptions: {debuggerAddress: localhost:64073}, handlesAlerts: true, hasTouchScreen: false, javascriptEnabled: true, locationContextEnabled: true, mobileEmulationEnabled: false, nativeEvents: true, networkConnectionEnabled: false, pageLoadStrategy: normal, platform: XP, platformName: XP, proxy: Proxy(), rotatable: false, setWindowRect: true, strictFileInteractability: false, takesHeapSnapshot: true, takesScreenshot: true, timeouts: {implicit: 0, pageLoad: 300000, script: 30000}, unexpectedAlertBehaviour: ignore, unhandledPromptBehavior: ignore, version: 72.0.3626.121, webStorageEnabled: true}
Session ID: 53ab1f2e0102985e9540bfe2800a44db
at org.openqa.selenium.support.ui.WebDriverWait.timeoutException(WebDriverWait.java:95)
at org.openqa.selenium.support.ui.FluentWait.until(FluentWait.java:272)
at pages.page_objects.PO.selectValueFromDropDownMenu(PO.java:40)
at pages.page_objects.PO.clickMenuAndSelectValue(PO.java:52)
at pages.page_objects.cloud_google.PO_Frame.selectOperatingSystem(PO_Frame.java:93)
at TestClass.beforeClass(TestClass.java:67)
... Removed 25 stack frames]]>
    </failure>
  </testcase> <!-- @BeforeClass beforeClass -->
  <testcase name="@BeforeMethod beforeTest" time="0.0" classname="TestClass">
    <skipped/>
  </testcase> <!-- @BeforeMethod beforeTest -->
  <testcase name="@AfterMethod afterTest" time="0.0" classname="TestClass">
    <skipped/>
  </testcase> <!-- @AfterMethod afterTest -->
  <testcase name="@BeforeMethod beforeTest" time="0.0" classname="TestClass">
    <skipped/>
  </testcase> <!-- @BeforeMethod beforeTest -->
  <testcase name="@AfterMethod afterTest" time="0.0" classname="TestClass">
    <skipped/>
  </testcase> <!-- @AfterMethod afterTest -->
  <testcase name="@BeforeMethod beforeTest" time="0.0" classname="TestClass">
    <skipped/>
  </testcase> <!-- @BeforeMethod beforeTest -->
  <testcase name="@AfterMethod afterTest" time="0.0" classname="TestClass">
    <skipped/>
  </testcase> <!-- @AfterMethod afterTest -->
  <testcase name="@AfterClass afterClass" time="0.0" classname="TestClass">
    <skipped/>
  </testcase> <!-- @AfterClass afterClass -->
  <testcase name="testIsFilledFormCorrect" time="0.0" classname="TestClass">
    <skipped/>
  </testcase> <!-- testIsFilledFormCorrect -->
  <testcase name="testTotalEstimatedCost" time="0.0" classname="TestClass">
    <skipped/>
  </testcase> <!-- testTotalEstimatedCost -->
  <testcase name="testGettingCalculationsOnEmail" time="0.0" classname="TestClass">
    <skipped/>
  </testcase> <!-- testGettingCalculationsOnEmail -->
</testsuite>
