<html>
<head>
<title>TestNG:  GoogleCloud-2</title>
<link href="../testng.css" rel="stylesheet" type="text/css" />
<link href="../my-testng.css" rel="stylesheet" type="text/css" />

<style type="text/css">
.log { display: none;} 
.stack-trace { display: none;} 
</style>
<script type="text/javascript">
<!--
function flip(e) {
  current = e.style.display;
  if (current == 'block') {
    e.style.display = 'none';
    return 0;
  }
  else {
    e.style.display = 'block';
    return 1;
  }
}

function toggleBox(szDivId, elem, msg1, msg2)
{
  var res = -1;  if (document.getElementById) {
    res = flip(document.getElementById(szDivId));
  }
  else if (document.all) {
    // this is the way old msie versions work
    res = flip(document.all[szDivId]);
  }
  if(elem) {
    if(res == 0) elem.innerHTML = msg1; else elem.innerHTML = msg2;
  }

}

function toggleAllBoxes() {
  if (document.getElementsByTagName) {
    d = document.getElementsByTagName('div');
    for (i = 0; i < d.length; i++) {
      if (d[i].className == 'log') {
        flip(d[i]);
      }
    }
  }
}

// -->
</script>

</head>
<body>
<h2 align='center'>GoogleCloud-2</h2><table border='1' align="center">
<tr>
<td>Tests passed/Failed/Skipped:</td><td>0/0/3</td>
</tr><tr>
<td>Started on:</td><td>Thu Mar 07 16:49:31 MSK 2019</td>
</tr>
<tr><td>Total time:</td><td>88 seconds (88016 ms)</td>
</tr><tr>
<td>Included groups:</td><td></td>
</tr><tr>
<td>Excluded groups:</td><td></td>
</tr>
</table><p/>
<small><i>(Hover the method name to see the test class name)</i></small><p/>
<table width='100%' border='1' class='invocation-failed'>
<tr><td colspan='4' align='center'><b>FAILED CONFIGURATIONS</b></td></tr>
<tr><td><b>Test method</b></td>
<td width="30%"><b>Exception</b></td>
<td width="10%"><b>Time (seconds)</b></td>
<td><b>Instance</b></td>
</tr>
<tr>
<td title='TestClass.beforeClass()'><b>beforeClass</b><br>Test class: TestClass</td>
<td><div><pre>org.openqa.selenium.TimeoutException: Expected condition failed: waiting for visibility of all [[[ChromeDriver: chrome on XP (53ab1f2e0102985e9540bfe2800a44db)] -&gt; xpath: //div[@id=&apos;select_container_59&apos;]//md-option/div], [[ChromeDriver: chrome on XP (53ab1f2e0102985e9540bfe2800a44db)] -&gt; xpath: //div[@id=&apos;select_container_59&apos;]//md-option/div], [[ChromeDriver: chrome on XP (53ab1f2e0102985e9540bfe2800a44db)] -&gt; xpath: //div[@id=&apos;select_container_59&apos;]//md-option/div], [[ChromeDriver: chrome on XP (53ab1f2e0102985e9540bfe2800a44db)] -&gt; xpath: //div[@id=&apos;select_container_59&apos;]//md-option/div], [[ChromeDriver: chrome on XP (53ab1f2e0102985e9540bfe2800a44db)] -&gt; xpath: //div[@id=&apos;select_container_59&apos;]//md-option/div], [[ChromeDriver: chrome on XP (53ab1f2e0102985e9540bfe2800a44db)] -&gt; xpath: //div[@id=&apos;select_container_59&apos;]//md-option/div], [[ChromeDriver: chrome on XP (53ab1f2e0102985e9540bfe2800a44db)] -&gt; xpath: //div[@id=&apos;select_container_59&apos;]//md-option/div], [[ChromeDriver: chrome on XP (53ab1f2e0102985e9540bfe2800a44db)] -&gt; xpath: //div[@id=&apos;select_container_59&apos;]//md-option/div], [[ChromeDriver: chrome on XP (53ab1f2e0102985e9540bfe2800a44db)] -&gt; xpath: //div[@id=&apos;select_container_59&apos;]//md-option/div], [[ChromeDriver: chrome on XP (53ab1f2e0102985e9540bfe2800a44db)] -&gt; xpath: //div[@id=&apos;select_container_59&apos;]//md-option/div]] (tried for 10 second(s) with 500 milliseconds interval)
Build info: version: &apos;3.141.59&apos;, revision: &apos;e82be7d358&apos;, time: &apos;2018-11-14T08:17:03&apos;
System info: host: &apos;EPBYMINW7576&apos;, ip: &apos;192.168.56.1&apos;, os.name: &apos;Windows 10&apos;, os.arch: &apos;amd64&apos;, os.version: &apos;10.0&apos;, java.version: &apos;1.8.0_202&apos;
Driver info: org.openqa.selenium.chrome.ChromeDriver
Capabilities {acceptInsecureCerts: false, acceptSslCerts: false, applicationCacheEnabled: false, browserConnectionEnabled: false, browserName: chrome, chrome: {chromedriverVersion: 2.46.628402 (536cd7adbad73a..., userDataDir: C:\Users\YAUHEN~1\AppData\L...}, cssSelectorsEnabled: true, databaseEnabled: false, goog:chromeOptions: {debuggerAddress: localhost:64073}, handlesAlerts: true, hasTouchScreen: false, javascriptEnabled: true, locationContextEnabled: true, mobileEmulationEnabled: false, nativeEvents: true, networkConnectionEnabled: false, pageLoadStrategy: normal, platform: XP, platformName: XP, proxy: Proxy(), rotatable: false, setWindowRect: true, strictFileInteractability: false, takesHeapSnapshot: true, takesScreenshot: true, timeouts: {implicit: 0, pageLoad: 300000, script: 30000}, unexpectedAlertBehaviour: ignore, unhandledPromptBehavior: ignore, version: 72.0.3626.121, webStorageEnabled: true}
Session ID: 53ab1f2e0102985e9540bfe2800a44db
	at org.openqa.selenium.support.ui.WebDriverWait.timeoutException(WebDriverWait.java:95)
	at org.openqa.selenium.support.ui.FluentWait.until(FluentWait.java:272)
	at pages.page_objects.PO.selectValueFromDropDownMenu(PO.java:40)
	at pages.page_objects.PO.clickMenuAndSelectValue(PO.java:52)
	at pages.page_objects.cloud_google.PO_Frame.selectOperatingSystem(PO_Frame.java:93)
	at TestClass.beforeClass(TestClass.java:67)
... Removed 25 stack frames</pre></div><a href='#' onClick='toggleBox("stack-trace2061226112", this, "Click to show all stack frames", "Click to hide stack frames")'>Click to show all stack frames</a>
<div class='stack-trace' id='stack-trace2061226112'><pre>org.openqa.selenium.TimeoutException: Expected condition failed: waiting for visibility of all [[[ChromeDriver: chrome on XP (53ab1f2e0102985e9540bfe2800a44db)] -&gt; xpath: //div[@id=&apos;select_container_59&apos;]//md-option/div], [[ChromeDriver: chrome on XP (53ab1f2e0102985e9540bfe2800a44db)] -&gt; xpath: //div[@id=&apos;select_container_59&apos;]//md-option/div], [[ChromeDriver: chrome on XP (53ab1f2e0102985e9540bfe2800a44db)] -&gt; xpath: //div[@id=&apos;select_container_59&apos;]//md-option/div], [[ChromeDriver: chrome on XP (53ab1f2e0102985e9540bfe2800a44db)] -&gt; xpath: //div[@id=&apos;select_container_59&apos;]//md-option/div], [[ChromeDriver: chrome on XP (53ab1f2e0102985e9540bfe2800a44db)] -&gt; xpath: //div[@id=&apos;select_container_59&apos;]//md-option/div], [[ChromeDriver: chrome on XP (53ab1f2e0102985e9540bfe2800a44db)] -&gt; xpath: //div[@id=&apos;select_container_59&apos;]//md-option/div], [[ChromeDriver: chrome on XP (53ab1f2e0102985e9540bfe2800a44db)] -&gt; xpath: //div[@id=&apos;select_container_59&apos;]//md-option/div], [[ChromeDriver: chrome on XP (53ab1f2e0102985e9540bfe2800a44db)] -&gt; xpath: //div[@id=&apos;select_container_59&apos;]//md-option/div], [[ChromeDriver: chrome on XP (53ab1f2e0102985e9540bfe2800a44db)] -&gt; xpath: //div[@id=&apos;select_container_59&apos;]//md-option/div], [[ChromeDriver: chrome on XP (53ab1f2e0102985e9540bfe2800a44db)] -&gt; xpath: //div[@id=&apos;select_container_59&apos;]//md-option/div]] (tried for 10 second(s) with 500 milliseconds interval)
Build info: version: &apos;3.141.59&apos;, revision: &apos;e82be7d358&apos;, time: &apos;2018-11-14T08:17:03&apos;
System info: host: &apos;EPBYMINW7576&apos;, ip: &apos;192.168.56.1&apos;, os.name: &apos;Windows 10&apos;, os.arch: &apos;amd64&apos;, os.version: &apos;10.0&apos;, java.version: &apos;1.8.0_202&apos;
Driver info: org.openqa.selenium.chrome.ChromeDriver
Capabilities {acceptInsecureCerts: false, acceptSslCerts: false, applicationCacheEnabled: false, browserConnectionEnabled: false, browserName: chrome, chrome: {chromedriverVersion: 2.46.628402 (536cd7adbad73a..., userDataDir: C:\Users\YAUHEN~1\AppData\L...}, cssSelectorsEnabled: true, databaseEnabled: false, goog:chromeOptions: {debuggerAddress: localhost:64073}, handlesAlerts: true, hasTouchScreen: false, javascriptEnabled: true, locationContextEnabled: true, mobileEmulationEnabled: false, nativeEvents: true, networkConnectionEnabled: false, pageLoadStrategy: normal, platform: XP, platformName: XP, proxy: Proxy(), rotatable: false, setWindowRect: true, strictFileInteractability: false, takesHeapSnapshot: true, takesScreenshot: true, timeouts: {implicit: 0, pageLoad: 300000, script: 30000}, unexpectedAlertBehaviour: ignore, unhandledPromptBehavior: ignore, version: 72.0.3626.121, webStorageEnabled: true}
Session ID: 53ab1f2e0102985e9540bfe2800a44db
	at org.openqa.selenium.support.ui.WebDriverWait.timeoutException(WebDriverWait.java:95)
	at org.openqa.selenium.support.ui.FluentWait.until(FluentWait.java:272)
	at pages.page_objects.PO.selectValueFromDropDownMenu(PO.java:40)
	at pages.page_objects.PO.clickMenuAndSelectValue(PO.java:52)
	at pages.page_objects.cloud_google.PO_Frame.selectOperatingSystem(PO_Frame.java:93)
	at TestClass.beforeClass(TestClass.java:67)
	at sun.reflect.NativeMethodAccessorImpl.invoke0(Native Method)
	at sun.reflect.NativeMethodAccessorImpl.invoke(NativeMethodAccessorImpl.java:62)
	at sun.reflect.DelegatingMethodAccessorImpl.invoke(DelegatingMethodAccessorImpl.java:43)
	at java.lang.reflect.Method.invoke(Method.java:498)
	at org.testng.internal.MethodInvocationHelper.invokeMethod(MethodInvocationHelper.java:124)
	at org.testng.internal.MethodInvocationHelper.invokeMethodConsideringTimeout(MethodInvocationHelper.java:59)
	at org.testng.internal.Invoker.invokeConfigurationMethod(Invoker.java:458)
	at org.testng.internal.Invoker.invokeConfigurations(Invoker.java:222)
	at org.testng.internal.Invoker.invokeConfigurations(Invoker.java:142)
	at org.testng.internal.TestMethodWorker.invokeBeforeClassMethods(TestMethodWorker.java:168)
	at org.testng.internal.TestMethodWorker.run(TestMethodWorker.java:105)
	at org.testng.TestRunner.privateRun(TestRunner.java:648)
	at org.testng.TestRunner.run(TestRunner.java:505)
	at org.testng.SuiteRunner.runTest(SuiteRunner.java:455)
	at org.testng.SuiteRunner.runSequentially(SuiteRunner.java:450)
	at org.testng.SuiteRunner.privateRun(SuiteRunner.java:415)
	at org.testng.SuiteRunner.run(SuiteRunner.java:364)
	at org.testng.SuiteRunnerWorker.runSuite(SuiteRunnerWorker.java:52)
	at org.testng.SuiteRunnerWorker.run(SuiteRunnerWorker.java:84)
	at org.testng.TestNG.runSuitesSequentially(TestNG.java:1208)
	at org.testng.TestNG.runSuitesLocally(TestNG.java:1137)
	at org.testng.TestNG.runSuites(TestNG.java:1049)
	at org.testng.TestNG.run(TestNG.java:1017)
	at org.testng.IDEARemoteTestNG.run(IDEARemoteTestNG.java:73)
	at org.testng.RemoteTestNGStarter.main(RemoteTestNGStarter.java:123)
</pre></div></td>
<td>88</td>
<td>TestClass@e580929</td></tr>
</table><p>
<table width='100%' border='1' class='invocation-skipped'>
<tr><td colspan='4' align='center'><b>SKIPPED CONFIGURATIONS</b></td></tr>
<tr><td><b>Test method</b></td>
<td width="30%"><b>Exception</b></td>
<td width="10%"><b>Time (seconds)</b></td>
<td><b>Instance</b></td>
</tr>
<tr>
<td title='TestClass.beforeTest()'><b>beforeTest</b><br>Test class: TestClass</td>
<td></td>
<td>0</td>
<td>TestClass@e580929</td></tr>
<tr>
<td title='TestClass.beforeTest()'><b>beforeTest</b><br>Test class: TestClass</td>
<td></td>
<td>0</td>
<td>TestClass@e580929</td></tr>
<tr>
<td title='TestClass.beforeTest()'><b>beforeTest</b><br>Test class: TestClass</td>
<td></td>
<td>0</td>
<td>TestClass@e580929</td></tr>
<tr>
<td title='TestClass.afterTest()'><b>afterTest</b><br>Test class: TestClass</td>
<td></td>
<td>0</td>
<td>TestClass@e580929</td></tr>
<tr>
<td title='TestClass.afterTest()'><b>afterTest</b><br>Test class: TestClass</td>
<td></td>
<td>0</td>
<td>TestClass@e580929</td></tr>
<tr>
<td title='TestClass.afterTest()'><b>afterTest</b><br>Test class: TestClass</td>
<td></td>
<td>0</td>
<td>TestClass@e580929</td></tr>
<tr>
<td title='TestClass.afterClass()'><b>afterClass</b><br>Test class: TestClass</td>
<td></td>
<td>0</td>
<td>TestClass@e580929</td></tr>
</table><p>
<table width='100%' border='1' class='invocation-skipped'>
<tr><td colspan='4' align='center'><b>SKIPPED TESTS</b></td></tr>
<tr><td><b>Test method</b></td>
<td width="30%"><b>Exception</b></td>
<td width="10%"><b>Time (seconds)</b></td>
<td><b>Instance</b></td>
</tr>
<tr>
<td title='TestClass.testGettingCalculationsOnEmail()'><b>testGettingCalculationsOnEmail</b><br>Test class: TestClass</td>
<td><div><pre>org.openqa.selenium.TimeoutException: Expected condition failed: waiting for visibility of all [[[ChromeDriver: chrome on XP (53ab1f2e0102985e9540bfe2800a44db)] -&gt; xpath: //div[@id=&apos;select_container_59&apos;]//md-option/div], [[ChromeDriver: chrome on XP (53ab1f2e0102985e9540bfe2800a44db)] -&gt; xpath: //div[@id=&apos;select_container_59&apos;]//md-option/div], [[ChromeDriver: chrome on XP (53ab1f2e0102985e9540bfe2800a44db)] -&gt; xpath: //div[@id=&apos;select_container_59&apos;]//md-option/div], [[ChromeDriver: chrome on XP (53ab1f2e0102985e9540bfe2800a44db)] -&gt; xpath: //div[@id=&apos;select_container_59&apos;]//md-option/div], [[ChromeDriver: chrome on XP (53ab1f2e0102985e9540bfe2800a44db)] -&gt; xpath: //div[@id=&apos;select_container_59&apos;]//md-option/div], [[ChromeDriver: chrome on XP (53ab1f2e0102985e9540bfe2800a44db)] -&gt; xpath: //div[@id=&apos;select_container_59&apos;]//md-option/div], [[ChromeDriver: chrome on XP (53ab1f2e0102985e9540bfe2800a44db)] -&gt; xpath: //div[@id=&apos;select_container_59&apos;]//md-option/div], [[ChromeDriver: chrome on XP (53ab1f2e0102985e9540bfe2800a44db)] -&gt; xpath: //div[@id=&apos;select_container_59&apos;]//md-option/div], [[ChromeDriver: chrome on XP (53ab1f2e0102985e9540bfe2800a44db)] -&gt; xpath: //div[@id=&apos;select_container_59&apos;]//md-option/div], [[ChromeDriver: chrome on XP (53ab1f2e0102985e9540bfe2800a44db)] -&gt; xpath: //div[@id=&apos;select_container_59&apos;]//md-option/div]] (tried for 10 second(s) with 500 milliseconds interval)
Build info: version: &apos;3.141.59&apos;, revision: &apos;e82be7d358&apos;, time: &apos;2018-11-14T08:17:03&apos;
System info: host: &apos;EPBYMINW7576&apos;, ip: &apos;192.168.56.1&apos;, os.name: &apos;Windows 10&apos;, os.arch: &apos;amd64&apos;, os.version: &apos;10.0&apos;, java.version: &apos;1.8.0_202&apos;
Driver info: org.openqa.selenium.chrome.ChromeDriver
Capabilities {acceptInsecureCerts: false, acceptSslCerts: false, applicationCacheEnabled: false, browserConnectionEnabled: false, browserName: chrome, chrome: {chromedriverVersion: 2.46.628402 (536cd7adbad73a..., userDataDir: C:\Users\YAUHEN~1\AppData\L...}, cssSelectorsEnabled: true, databaseEnabled: false, goog:chromeOptions: {debuggerAddress: localhost:64073}, handlesAlerts: true, hasTouchScreen: false, javascriptEnabled: true, locationContextEnabled: true, mobileEmulationEnabled: false, nativeEvents: true, networkConnectionEnabled: false, pageLoadStrategy: normal, platform: XP, platformName: XP, proxy: Proxy(), rotatable: false, setWindowRect: true, strictFileInteractability: false, takesHeapSnapshot: true, takesScreenshot: true, timeouts: {implicit: 0, pageLoad: 300000, script: 30000}, unexpectedAlertBehaviour: ignore, unhandledPromptBehavior: ignore, version: 72.0.3626.121, webStorageEnabled: true}
Session ID: 53ab1f2e0102985e9540bfe2800a44db
	at org.openqa.selenium.support.ui.WebDriverWait.timeoutException(WebDriverWait.java:95)
	at org.openqa.selenium.support.ui.FluentWait.until(FluentWait.java:272)
	at pages.page_objects.PO.selectValueFromDropDownMenu(PO.java:40)
	at pages.page_objects.PO.clickMenuAndSelectValue(PO.java:52)
	at pages.page_objects.cloud_google.PO_Frame.selectOperatingSystem(PO_Frame.java:93)
	at TestClass.beforeClass(TestClass.java:67)
... Removed 25 stack frames</pre></div><a href='#' onClick='toggleBox("stack-trace160945458", this, "Click to show all stack frames", "Click to hide stack frames")'>Click to show all stack frames</a>
<div class='stack-trace' id='stack-trace160945458'><pre>org.openqa.selenium.TimeoutException: Expected condition failed: waiting for visibility of all [[[ChromeDriver: chrome on XP (53ab1f2e0102985e9540bfe2800a44db)] -&gt; xpath: //div[@id=&apos;select_container_59&apos;]//md-option/div], [[ChromeDriver: chrome on XP (53ab1f2e0102985e9540bfe2800a44db)] -&gt; xpath: //div[@id=&apos;select_container_59&apos;]//md-option/div], [[ChromeDriver: chrome on XP (53ab1f2e0102985e9540bfe2800a44db)] -&gt; xpath: //div[@id=&apos;select_container_59&apos;]//md-option/div], [[ChromeDriver: chrome on XP (53ab1f2e0102985e9540bfe2800a44db)] -&gt; xpath: //div[@id=&apos;select_container_59&apos;]//md-option/div], [[ChromeDriver: chrome on XP (53ab1f2e0102985e9540bfe2800a44db)] -&gt; xpath: //div[@id=&apos;select_container_59&apos;]//md-option/div], [[ChromeDriver: chrome on XP (53ab1f2e0102985e9540bfe2800a44db)] -&gt; xpath: //div[@id=&apos;select_container_59&apos;]//md-option/div], [[ChromeDriver: chrome on XP (53ab1f2e0102985e9540bfe2800a44db)] -&gt; xpath: //div[@id=&apos;select_container_59&apos;]//md-option/div], [[ChromeDriver: chrome on XP (53ab1f2e0102985e9540bfe2800a44db)] -&gt; xpath: //div[@id=&apos;select_container_59&apos;]//md-option/div], [[ChromeDriver: chrome on XP (53ab1f2e0102985e9540bfe2800a44db)] -&gt; xpath: //div[@id=&apos;select_container_59&apos;]//md-option/div], [[ChromeDriver: chrome on XP (53ab1f2e0102985e9540bfe2800a44db)] -&gt; xpath: //div[@id=&apos;select_container_59&apos;]//md-option/div]] (tried for 10 second(s) with 500 milliseconds interval)
Build info: version: &apos;3.141.59&apos;, revision: &apos;e82be7d358&apos;, time: &apos;2018-11-14T08:17:03&apos;
System info: host: &apos;EPBYMINW7576&apos;, ip: &apos;192.168.56.1&apos;, os.name: &apos;Windows 10&apos;, os.arch: &apos;amd64&apos;, os.version: &apos;10.0&apos;, java.version: &apos;1.8.0_202&apos;
Driver info: org.openqa.selenium.chrome.ChromeDriver
Capabilities {acceptInsecureCerts: false, acceptSslCerts: false, applicationCacheEnabled: false, browserConnectionEnabled: false, browserName: chrome, chrome: {chromedriverVersion: 2.46.628402 (536cd7adbad73a..., userDataDir: C:\Users\YAUHEN~1\AppData\L...}, cssSelectorsEnabled: true, databaseEnabled: false, goog:chromeOptions: {debuggerAddress: localhost:64073}, handlesAlerts: true, hasTouchScreen: false, javascriptEnabled: true, locationContextEnabled: true, mobileEmulationEnabled: false, nativeEvents: true, networkConnectionEnabled: false, pageLoadStrategy: normal, platform: XP, platformName: XP, proxy: Proxy(), rotatable: false, setWindowRect: true, strictFileInteractability: false, takesHeapSnapshot: true, takesScreenshot: true, timeouts: {implicit: 0, pageLoad: 300000, script: 30000}, unexpectedAlertBehaviour: ignore, unhandledPromptBehavior: ignore, version: 72.0.3626.121, webStorageEnabled: true}
Session ID: 53ab1f2e0102985e9540bfe2800a44db
	at org.openqa.selenium.support.ui.WebDriverWait.timeoutException(WebDriverWait.java:95)
	at org.openqa.selenium.support.ui.FluentWait.until(FluentWait.java:272)
	at pages.page_objects.PO.selectValueFromDropDownMenu(PO.java:40)
	at pages.page_objects.PO.clickMenuAndSelectValue(PO.java:52)
	at pages.page_objects.cloud_google.PO_Frame.selectOperatingSystem(PO_Frame.java:93)
	at TestClass.beforeClass(TestClass.java:67)
	at sun.reflect.NativeMethodAccessorImpl.invoke0(Native Method)
	at sun.reflect.NativeMethodAccessorImpl.invoke(NativeMethodAccessorImpl.java:62)
	at sun.reflect.DelegatingMethodAccessorImpl.invoke(DelegatingMethodAccessorImpl.java:43)
	at java.lang.reflect.Method.invoke(Method.java:498)
	at org.testng.internal.MethodInvocationHelper.invokeMethod(MethodInvocationHelper.java:124)
	at org.testng.internal.MethodInvocationHelper.invokeMethodConsideringTimeout(MethodInvocationHelper.java:59)
	at org.testng.internal.Invoker.invokeConfigurationMethod(Invoker.java:458)
	at org.testng.internal.Invoker.invokeConfigurations(Invoker.java:222)
	at org.testng.internal.Invoker.invokeConfigurations(Invoker.java:142)
	at org.testng.internal.TestMethodWorker.invokeBeforeClassMethods(TestMethodWorker.java:168)
	at org.testng.internal.TestMethodWorker.run(TestMethodWorker.java:105)
	at org.testng.TestRunner.privateRun(TestRunner.java:648)
	at org.testng.TestRunner.run(TestRunner.java:505)
	at org.testng.SuiteRunner.runTest(SuiteRunner.java:455)
	at org.testng.SuiteRunner.runSequentially(SuiteRunner.java:450)
	at org.testng.SuiteRunner.privateRun(SuiteRunner.java:415)
	at org.testng.SuiteRunner.run(SuiteRunner.java:364)
	at org.testng.SuiteRunnerWorker.runSuite(SuiteRunnerWorker.java:52)
	at org.testng.SuiteRunnerWorker.run(SuiteRunnerWorker.java:84)
	at org.testng.TestNG.runSuitesSequentially(TestNG.java:1208)
	at org.testng.TestNG.runSuitesLocally(TestNG.java:1137)
	at org.testng.TestNG.runSuites(TestNG.java:1049)
	at org.testng.TestNG.run(TestNG.java:1017)
	at org.testng.IDEARemoteTestNG.run(IDEARemoteTestNG.java:73)
	at org.testng.RemoteTestNGStarter.main(RemoteTestNGStarter.java:123)
</pre></div></td>
<td>0</td>
<td>TestClass@e580929</td></tr>
<tr>
<td title='TestClass.testIsFilledFormCorrect()'><b>testIsFilledFormCorrect</b><br>Test class: TestClass</td>
<td><div><pre>org.openqa.selenium.TimeoutException: Expected condition failed: waiting for visibility of all [[[ChromeDriver: chrome on XP (53ab1f2e0102985e9540bfe2800a44db)] -&gt; xpath: //div[@id=&apos;select_container_59&apos;]//md-option/div], [[ChromeDriver: chrome on XP (53ab1f2e0102985e9540bfe2800a44db)] -&gt; xpath: //div[@id=&apos;select_container_59&apos;]//md-option/div], [[ChromeDriver: chrome on XP (53ab1f2e0102985e9540bfe2800a44db)] -&gt; xpath: //div[@id=&apos;select_container_59&apos;]//md-option/div], [[ChromeDriver: chrome on XP (53ab1f2e0102985e9540bfe2800a44db)] -&gt; xpath: //div[@id=&apos;select_container_59&apos;]//md-option/div], [[ChromeDriver: chrome on XP (53ab1f2e0102985e9540bfe2800a44db)] -&gt; xpath: //div[@id=&apos;select_container_59&apos;]//md-option/div], [[ChromeDriver: chrome on XP (53ab1f2e0102985e9540bfe2800a44db)] -&gt; xpath: //div[@id=&apos;select_container_59&apos;]//md-option/div], [[ChromeDriver: chrome on XP (53ab1f2e0102985e9540bfe2800a44db)] -&gt; xpath: //div[@id=&apos;select_container_59&apos;]//md-option/div], [[ChromeDriver: chrome on XP (53ab1f2e0102985e9540bfe2800a44db)] -&gt; xpath: //div[@id=&apos;select_container_59&apos;]//md-option/div], [[ChromeDriver: chrome on XP (53ab1f2e0102985e9540bfe2800a44db)] -&gt; xpath: //div[@id=&apos;select_container_59&apos;]//md-option/div], [[ChromeDriver: chrome on XP (53ab1f2e0102985e9540bfe2800a44db)] -&gt; xpath: //div[@id=&apos;select_container_59&apos;]//md-option/div]] (tried for 10 second(s) with 500 milliseconds interval)
Build info: version: &apos;3.141.59&apos;, revision: &apos;e82be7d358&apos;, time: &apos;2018-11-14T08:17:03&apos;
System info: host: &apos;EPBYMINW7576&apos;, ip: &apos;192.168.56.1&apos;, os.name: &apos;Windows 10&apos;, os.arch: &apos;amd64&apos;, os.version: &apos;10.0&apos;, java.version: &apos;1.8.0_202&apos;
Driver info: org.openqa.selenium.chrome.ChromeDriver
Capabilities {acceptInsecureCerts: false, acceptSslCerts: false, applicationCacheEnabled: false, browserConnectionEnabled: false, browserName: chrome, chrome: {chromedriverVersion: 2.46.628402 (536cd7adbad73a..., userDataDir: C:\Users\YAUHEN~1\AppData\L...}, cssSelectorsEnabled: true, databaseEnabled: false, goog:chromeOptions: {debuggerAddress: localhost:64073}, handlesAlerts: true, hasTouchScreen: false, javascriptEnabled: true, locationContextEnabled: true, mobileEmulationEnabled: false, nativeEvents: true, networkConnectionEnabled: false, pageLoadStrategy: normal, platform: XP, platformName: XP, proxy: Proxy(), rotatable: false, setWindowRect: true, strictFileInteractability: false, takesHeapSnapshot: true, takesScreenshot: true, timeouts: {implicit: 0, pageLoad: 300000, script: 30000}, unexpectedAlertBehaviour: ignore, unhandledPromptBehavior: ignore, version: 72.0.3626.121, webStorageEnabled: true}
Session ID: 53ab1f2e0102985e9540bfe2800a44db
	at org.openqa.selenium.support.ui.WebDriverWait.timeoutException(WebDriverWait.java:95)
	at org.openqa.selenium.support.ui.FluentWait.until(FluentWait.java:272)
	at pages.page_objects.PO.selectValueFromDropDownMenu(PO.java:40)
	at pages.page_objects.PO.clickMenuAndSelectValue(PO.java:52)
	at pages.page_objects.cloud_google.PO_Frame.selectOperatingSystem(PO_Frame.java:93)
	at TestClass.beforeClass(TestClass.java:67)
... Removed 25 stack frames</pre></div><a href='#' onClick='toggleBox("stack-trace1956598686", this, "Click to show all stack frames", "Click to hide stack frames")'>Click to show all stack frames</a>
<div class='stack-trace' id='stack-trace1956598686'><pre>org.openqa.selenium.TimeoutException: Expected condition failed: waiting for visibility of all [[[ChromeDriver: chrome on XP (53ab1f2e0102985e9540bfe2800a44db)] -&gt; xpath: //div[@id=&apos;select_container_59&apos;]//md-option/div], [[ChromeDriver: chrome on XP (53ab1f2e0102985e9540bfe2800a44db)] -&gt; xpath: //div[@id=&apos;select_container_59&apos;]//md-option/div], [[ChromeDriver: chrome on XP (53ab1f2e0102985e9540bfe2800a44db)] -&gt; xpath: //div[@id=&apos;select_container_59&apos;]//md-option/div], [[ChromeDriver: chrome on XP (53ab1f2e0102985e9540bfe2800a44db)] -&gt; xpath: //div[@id=&apos;select_container_59&apos;]//md-option/div], [[ChromeDriver: chrome on XP (53ab1f2e0102985e9540bfe2800a44db)] -&gt; xpath: //div[@id=&apos;select_container_59&apos;]//md-option/div], [[ChromeDriver: chrome on XP (53ab1f2e0102985e9540bfe2800a44db)] -&gt; xpath: //div[@id=&apos;select_container_59&apos;]//md-option/div], [[ChromeDriver: chrome on XP (53ab1f2e0102985e9540bfe2800a44db)] -&gt; xpath: //div[@id=&apos;select_container_59&apos;]//md-option/div], [[ChromeDriver: chrome on XP (53ab1f2e0102985e9540bfe2800a44db)] -&gt; xpath: //div[@id=&apos;select_container_59&apos;]//md-option/div], [[ChromeDriver: chrome on XP (53ab1f2e0102985e9540bfe2800a44db)] -&gt; xpath: //div[@id=&apos;select_container_59&apos;]//md-option/div], [[ChromeDriver: chrome on XP (53ab1f2e0102985e9540bfe2800a44db)] -&gt; xpath: //div[@id=&apos;select_container_59&apos;]//md-option/div]] (tried for 10 second(s) with 500 milliseconds interval)
Build info: version: &apos;3.141.59&apos;, revision: &apos;e82be7d358&apos;, time: &apos;2018-11-14T08:17:03&apos;
System info: host: &apos;EPBYMINW7576&apos;, ip: &apos;192.168.56.1&apos;, os.name: &apos;Windows 10&apos;, os.arch: &apos;amd64&apos;, os.version: &apos;10.0&apos;, java.version: &apos;1.8.0_202&apos;
Driver info: org.openqa.selenium.chrome.ChromeDriver
Capabilities {acceptInsecureCerts: false, acceptSslCerts: false, applicationCacheEnabled: false, browserConnectionEnabled: false, browserName: chrome, chrome: {chromedriverVersion: 2.46.628402 (536cd7adbad73a..., userDataDir: C:\Users\YAUHEN~1\AppData\L...}, cssSelectorsEnabled: true, databaseEnabled: false, goog:chromeOptions: {debuggerAddress: localhost:64073}, handlesAlerts: true, hasTouchScreen: false, javascriptEnabled: true, locationContextEnabled: true, mobileEmulationEnabled: false, nativeEvents: true, networkConnectionEnabled: false, pageLoadStrategy: normal, platform: XP, platformName: XP, proxy: Proxy(), rotatable: false, setWindowRect: true, strictFileInteractability: false, takesHeapSnapshot: true, takesScreenshot: true, timeouts: {implicit: 0, pageLoad: 300000, script: 30000}, unexpectedAlertBehaviour: ignore, unhandledPromptBehavior: ignore, version: 72.0.3626.121, webStorageEnabled: true}
Session ID: 53ab1f2e0102985e9540bfe2800a44db
	at org.openqa.selenium.support.ui.WebDriverWait.timeoutException(WebDriverWait.java:95)
	at org.openqa.selenium.support.ui.FluentWait.until(FluentWait.java:272)
	at pages.page_objects.PO.selectValueFromDropDownMenu(PO.java:40)
	at pages.page_objects.PO.clickMenuAndSelectValue(PO.java:52)
	at pages.page_objects.cloud_google.PO_Frame.selectOperatingSystem(PO_Frame.java:93)
	at TestClass.beforeClass(TestClass.java:67)
	at sun.reflect.NativeMethodAccessorImpl.invoke0(Native Method)
	at sun.reflect.NativeMethodAccessorImpl.invoke(NativeMethodAccessorImpl.java:62)
	at sun.reflect.DelegatingMethodAccessorImpl.invoke(DelegatingMethodAccessorImpl.java:43)
	at java.lang.reflect.Method.invoke(Method.java:498)
	at org.testng.internal.MethodInvocationHelper.invokeMethod(MethodInvocationHelper.java:124)
	at org.testng.internal.MethodInvocationHelper.invokeMethodConsideringTimeout(MethodInvocationHelper.java:59)
	at org.testng.internal.Invoker.invokeConfigurationMethod(Invoker.java:458)
	at org.testng.internal.Invoker.invokeConfigurations(Invoker.java:222)
	at org.testng.internal.Invoker.invokeConfigurations(Invoker.java:142)
	at org.testng.internal.TestMethodWorker.invokeBeforeClassMethods(TestMethodWorker.java:168)
	at org.testng.internal.TestMethodWorker.run(TestMethodWorker.java:105)
	at org.testng.TestRunner.privateRun(TestRunner.java:648)
	at org.testng.TestRunner.run(TestRunner.java:505)
	at org.testng.SuiteRunner.runTest(SuiteRunner.java:455)
	at org.testng.SuiteRunner.runSequentially(SuiteRunner.java:450)
	at org.testng.SuiteRunner.privateRun(SuiteRunner.java:415)
	at org.testng.SuiteRunner.run(SuiteRunner.java:364)
	at org.testng.SuiteRunnerWorker.runSuite(SuiteRunnerWorker.java:52)
	at org.testng.SuiteRunnerWorker.run(SuiteRunnerWorker.java:84)
	at org.testng.TestNG.runSuitesSequentially(TestNG.java:1208)
	at org.testng.TestNG.runSuitesLocally(TestNG.java:1137)
	at org.testng.TestNG.runSuites(TestNG.java:1049)
	at org.testng.TestNG.run(TestNG.java:1017)
	at org.testng.IDEARemoteTestNG.run(IDEARemoteTestNG.java:73)
	at org.testng.RemoteTestNGStarter.main(RemoteTestNGStarter.java:123)
</pre></div></td>
<td>0</td>
<td>TestClass@e580929</td></tr>
<tr>
<td title='TestClass.testTotalEstimatedCost()'><b>testTotalEstimatedCost</b><br>Test class: TestClass</td>
<td><div><pre>org.openqa.selenium.TimeoutException: Expected condition failed: waiting for visibility of all [[[ChromeDriver: chrome on XP (53ab1f2e0102985e9540bfe2800a44db)] -&gt; xpath: //div[@id=&apos;select_container_59&apos;]//md-option/div], [[ChromeDriver: chrome on XP (53ab1f2e0102985e9540bfe2800a44db)] -&gt; xpath: //div[@id=&apos;select_container_59&apos;]//md-option/div], [[ChromeDriver: chrome on XP (53ab1f2e0102985e9540bfe2800a44db)] -&gt; xpath: //div[@id=&apos;select_container_59&apos;]//md-option/div], [[ChromeDriver: chrome on XP (53ab1f2e0102985e9540bfe2800a44db)] -&gt; xpath: //div[@id=&apos;select_container_59&apos;]//md-option/div], [[ChromeDriver: chrome on XP (53ab1f2e0102985e9540bfe2800a44db)] -&gt; xpath: //div[@id=&apos;select_container_59&apos;]//md-option/div], [[ChromeDriver: chrome on XP (53ab1f2e0102985e9540bfe2800a44db)] -&gt; xpath: //div[@id=&apos;select_container_59&apos;]//md-option/div], [[ChromeDriver: chrome on XP (53ab1f2e0102985e9540bfe2800a44db)] -&gt; xpath: //div[@id=&apos;select_container_59&apos;]//md-option/div], [[ChromeDriver: chrome on XP (53ab1f2e0102985e9540bfe2800a44db)] -&gt; xpath: //div[@id=&apos;select_container_59&apos;]//md-option/div], [[ChromeDriver: chrome on XP (53ab1f2e0102985e9540bfe2800a44db)] -&gt; xpath: //div[@id=&apos;select_container_59&apos;]//md-option/div], [[ChromeDriver: chrome on XP (53ab1f2e0102985e9540bfe2800a44db)] -&gt; xpath: //div[@id=&apos;select_container_59&apos;]//md-option/div]] (tried for 10 second(s) with 500 milliseconds interval)
Build info: version: &apos;3.141.59&apos;, revision: &apos;e82be7d358&apos;, time: &apos;2018-11-14T08:17:03&apos;
System info: host: &apos;EPBYMINW7576&apos;, ip: &apos;192.168.56.1&apos;, os.name: &apos;Windows 10&apos;, os.arch: &apos;amd64&apos;, os.version: &apos;10.0&apos;, java.version: &apos;1.8.0_202&apos;
Driver info: org.openqa.selenium.chrome.ChromeDriver
Capabilities {acceptInsecureCerts: false, acceptSslCerts: false, applicationCacheEnabled: false, browserConnectionEnabled: false, browserName: chrome, chrome: {chromedriverVersion: 2.46.628402 (536cd7adbad73a..., userDataDir: C:\Users\YAUHEN~1\AppData\L...}, cssSelectorsEnabled: true, databaseEnabled: false, goog:chromeOptions: {debuggerAddress: localhost:64073}, handlesAlerts: true, hasTouchScreen: false, javascriptEnabled: true, locationContextEnabled: true, mobileEmulationEnabled: false, nativeEvents: true, networkConnectionEnabled: false, pageLoadStrategy: normal, platform: XP, platformName: XP, proxy: Proxy(), rotatable: false, setWindowRect: true, strictFileInteractability: false, takesHeapSnapshot: true, takesScreenshot: true, timeouts: {implicit: 0, pageLoad: 300000, script: 30000}, unexpectedAlertBehaviour: ignore, unhandledPromptBehavior: ignore, version: 72.0.3626.121, webStorageEnabled: true}
Session ID: 53ab1f2e0102985e9540bfe2800a44db
	at org.openqa.selenium.support.ui.WebDriverWait.timeoutException(WebDriverWait.java:95)
	at org.openqa.selenium.support.ui.FluentWait.until(FluentWait.java:272)
	at pages.page_objects.PO.selectValueFromDropDownMenu(PO.java:40)
	at pages.page_objects.PO.clickMenuAndSelectValue(PO.java:52)
	at pages.page_objects.cloud_google.PO_Frame.selectOperatingSystem(PO_Frame.java:93)
	at TestClass.beforeClass(TestClass.java:67)
... Removed 25 stack frames</pre></div><a href='#' onClick='toggleBox("stack-trace1861754673", this, "Click to show all stack frames", "Click to hide stack frames")'>Click to show all stack frames</a>
<div class='stack-trace' id='stack-trace1861754673'><pre>org.openqa.selenium.TimeoutException: Expected condition failed: waiting for visibility of all [[[ChromeDriver: chrome on XP (53ab1f2e0102985e9540bfe2800a44db)] -&gt; xpath: //div[@id=&apos;select_container_59&apos;]//md-option/div], [[ChromeDriver: chrome on XP (53ab1f2e0102985e9540bfe2800a44db)] -&gt; xpath: //div[@id=&apos;select_container_59&apos;]//md-option/div], [[ChromeDriver: chrome on XP (53ab1f2e0102985e9540bfe2800a44db)] -&gt; xpath: //div[@id=&apos;select_container_59&apos;]//md-option/div], [[ChromeDriver: chrome on XP (53ab1f2e0102985e9540bfe2800a44db)] -&gt; xpath: //div[@id=&apos;select_container_59&apos;]//md-option/div], [[ChromeDriver: chrome on XP (53ab1f2e0102985e9540bfe2800a44db)] -&gt; xpath: //div[@id=&apos;select_container_59&apos;]//md-option/div], [[ChromeDriver: chrome on XP (53ab1f2e0102985e9540bfe2800a44db)] -&gt; xpath: //div[@id=&apos;select_container_59&apos;]//md-option/div], [[ChromeDriver: chrome on XP (53ab1f2e0102985e9540bfe2800a44db)] -&gt; xpath: //div[@id=&apos;select_container_59&apos;]//md-option/div], [[ChromeDriver: chrome on XP (53ab1f2e0102985e9540bfe2800a44db)] -&gt; xpath: //div[@id=&apos;select_container_59&apos;]//md-option/div], [[ChromeDriver: chrome on XP (53ab1f2e0102985e9540bfe2800a44db)] -&gt; xpath: //div[@id=&apos;select_container_59&apos;]//md-option/div], [[ChromeDriver: chrome on XP (53ab1f2e0102985e9540bfe2800a44db)] -&gt; xpath: //div[@id=&apos;select_container_59&apos;]//md-option/div]] (tried for 10 second(s) with 500 milliseconds interval)
Build info: version: &apos;3.141.59&apos;, revision: &apos;e82be7d358&apos;, time: &apos;2018-11-14T08:17:03&apos;
System info: host: &apos;EPBYMINW7576&apos;, ip: &apos;192.168.56.1&apos;, os.name: &apos;Windows 10&apos;, os.arch: &apos;amd64&apos;, os.version: &apos;10.0&apos;, java.version: &apos;1.8.0_202&apos;
Driver info: org.openqa.selenium.chrome.ChromeDriver
Capabilities {acceptInsecureCerts: false, acceptSslCerts: false, applicationCacheEnabled: false, browserConnectionEnabled: false, browserName: chrome, chrome: {chromedriverVersion: 2.46.628402 (536cd7adbad73a..., userDataDir: C:\Users\YAUHEN~1\AppData\L...}, cssSelectorsEnabled: true, databaseEnabled: false, goog:chromeOptions: {debuggerAddress: localhost:64073}, handlesAlerts: true, hasTouchScreen: false, javascriptEnabled: true, locationContextEnabled: true, mobileEmulationEnabled: false, nativeEvents: true, networkConnectionEnabled: false, pageLoadStrategy: normal, platform: XP, platformName: XP, proxy: Proxy(), rotatable: false, setWindowRect: true, strictFileInteractability: false, takesHeapSnapshot: true, takesScreenshot: true, timeouts: {implicit: 0, pageLoad: 300000, script: 30000}, unexpectedAlertBehaviour: ignore, unhandledPromptBehavior: ignore, version: 72.0.3626.121, webStorageEnabled: true}
Session ID: 53ab1f2e0102985e9540bfe2800a44db
	at org.openqa.selenium.support.ui.WebDriverWait.timeoutException(WebDriverWait.java:95)
	at org.openqa.selenium.support.ui.FluentWait.until(FluentWait.java:272)
	at pages.page_objects.PO.selectValueFromDropDownMenu(PO.java:40)
	at pages.page_objects.PO.clickMenuAndSelectValue(PO.java:52)
	at pages.page_objects.cloud_google.PO_Frame.selectOperatingSystem(PO_Frame.java:93)
	at TestClass.beforeClass(TestClass.java:67)
	at sun.reflect.NativeMethodAccessorImpl.invoke0(Native Method)
	at sun.reflect.NativeMethodAccessorImpl.invoke(NativeMethodAccessorImpl.java:62)
	at sun.reflect.DelegatingMethodAccessorImpl.invoke(DelegatingMethodAccessorImpl.java:43)
	at java.lang.reflect.Method.invoke(Method.java:498)
	at org.testng.internal.MethodInvocationHelper.invokeMethod(MethodInvocationHelper.java:124)
	at org.testng.internal.MethodInvocationHelper.invokeMethodConsideringTimeout(MethodInvocationHelper.java:59)
	at org.testng.internal.Invoker.invokeConfigurationMethod(Invoker.java:458)
	at org.testng.internal.Invoker.invokeConfigurations(Invoker.java:222)
	at org.testng.internal.Invoker.invokeConfigurations(Invoker.java:142)
	at org.testng.internal.TestMethodWorker.invokeBeforeClassMethods(TestMethodWorker.java:168)
	at org.testng.internal.TestMethodWorker.run(TestMethodWorker.java:105)
	at org.testng.TestRunner.privateRun(TestRunner.java:648)
	at org.testng.TestRunner.run(TestRunner.java:505)
	at org.testng.SuiteRunner.runTest(SuiteRunner.java:455)
	at org.testng.SuiteRunner.runSequentially(SuiteRunner.java:450)
	at org.testng.SuiteRunner.privateRun(SuiteRunner.java:415)
	at org.testng.SuiteRunner.run(SuiteRunner.java:364)
	at org.testng.SuiteRunnerWorker.runSuite(SuiteRunnerWorker.java:52)
	at org.testng.SuiteRunnerWorker.run(SuiteRunnerWorker.java:84)
	at org.testng.TestNG.runSuitesSequentially(TestNG.java:1208)
	at org.testng.TestNG.runSuitesLocally(TestNG.java:1137)
	at org.testng.TestNG.runSuites(TestNG.java:1049)
	at org.testng.TestNG.run(TestNG.java:1017)
	at org.testng.IDEARemoteTestNG.run(IDEARemoteTestNG.java:73)
	at org.testng.RemoteTestNGStarter.main(RemoteTestNGStarter.java:123)
</pre></div></td>
<td>0</td>
<td>TestClass@e580929</td></tr>
</table><p>
</body>
</html>